2023-05-08 04:45:02.178 INFO [main] [com.laba.shoppingpackage.Seller.login(Seller.java:65)] - 1 logged in successfully.
2023-05-08 04:45:02.194 INFO [main] [com.laba.shoppingpackage.Seller.addProducts(Seller.java:85)] - New product object created
2023-05-08 04:45:02.194 INFO [main] [com.laba.shoppingpackage.Seller.addProducts(Seller.java:85)] - New product object created
2023-05-08 04:45:02.210 INFO [main] [com.laba.shoppingpackage.Customer.<init>(Customer.java:24)] - Customer object created
2023-05-08 04:45:02.222 INFO [main] [com.laba.shoppingpackage.Customer.login(Customer.java:65)] - Customer 0 login attempt
2023-05-08 04:45:02.226 INFO [main] [com.laba.shoppingpackage.Customer.login(Customer.java:73)] - Customer 0 - logged in successfully
2023-05-08 04:45:02.226 INFO [main] [com.laba.shoppingpackage.Admin.login(Admin.java:32)] - Admin 1 login attempt
2023-05-08 04:45:02.226 INFO [main] [com.laba.shoppingpackage.Admin.login(Admin.java:39)] - Admin 1 - logged in successfully
2023-05-08 04:45:02.273 INFO [main] [com.laba.mainpackage.Main.main(Main.java:49)] - Card number should be 16 digits
2023-05-08 04:45:02.273 WARN [main] [com.laba.mainpackage.Main.main(Main.java:53)] - Warning
2023-05-08 04:57:38.633 INFO [main] [com.laba.shoppingpackage.Seller.login(Seller.java:65)] - 1 logged in successfully.
2023-05-08 04:57:38.633 INFO [main] [com.laba.shoppingpackage.Seller.addProducts(Seller.java:85)] - New product object created
2023-05-08 04:57:38.633 INFO [main] [com.laba.shoppingpackage.Seller.addProducts(Seller.java:85)] - New product object created
2023-05-08 04:57:38.633 INFO [main] [com.laba.shoppingpackage.Customer.<init>(Customer.java:24)] - Customer object created
2023-05-08 04:57:38.648 INFO [main] [com.laba.shoppingpackage.Customer.login(Customer.java:65)] - Customer 0 login attempt
2023-05-08 04:57:38.648 INFO [main] [com.laba.shoppingpackage.Customer.login(Customer.java:73)] - Customer 0 - logged in successfully
2023-05-08 04:57:38.648 INFO [main] [com.laba.shoppingpackage.Admin.login(Admin.java:32)] - Admin 1 login attempt
2023-05-08 04:57:38.648 INFO [main] [com.laba.shoppingpackage.Admin.login(Admin.java:39)] - Admin 1 - logged in successfully
2023-05-08 04:57:38.686 INFO [main] [com.laba.mainpackage.Main.main(Main.java:49)] - Card number should be 16 digits
2023-05-08 04:57:38.686 WARN [main] [com.laba.mainpackage.Main.main(Main.java:53)] - Warning
2023-05-08 04:59:19.474 INFO [main] [com.laba.shoppingpackage.Seller.login(Seller.java:65)] - 1 logged in successfully.
2023-05-08 04:59:19.490 INFO [main] [com.laba.shoppingpackage.Seller.addProducts(Seller.java:85)] - New product object created
2023-05-08 04:59:19.490 INFO [main] [com.laba.shoppingpackage.Seller.addProducts(Seller.java:85)] - New product object created
2023-05-08 04:59:19.490 INFO [main] [com.laba.shoppingpackage.Customer.<init>(Customer.java:24)] - Customer object created
2023-05-08 04:59:19.506 INFO [main] [com.laba.shoppingpackage.Customer.login(Customer.java:65)] - Customer 0 login attempt
2023-05-08 04:59:19.506 INFO [main] [com.laba.shoppingpackage.Customer.login(Customer.java:73)] - Customer 0 - logged in successfully
2023-05-08 04:59:19.506 INFO [main] [com.laba.shoppingpackage.Admin.login(Admin.java:32)] - Admin 1 login attempt
2023-05-08 04:59:19.506 INFO [main] [com.laba.shoppingpackage.Admin.login(Admin.java:39)] - Admin 1 - logged in successfully
2023-05-08 04:59:19.521 INFO [main] [com.laba.mainpackage.Main.main(Main.java:49)] - Card number should be 16 digits
2023-05-08 04:59:19.537 WARN [main] [com.laba.mainpackage.Main.main(Main.java:53)] - Warning
2023-05-08 04:59:56.250 INFO [main] [com.laba.shoppingpackage.Seller.login(Seller.java:65)] - 1 logged in successfully.
2023-05-08 04:59:56.265 INFO [main] [com.laba.shoppingpackage.Seller.addProducts(Seller.java:85)] - New product object created
2023-05-08 04:59:56.265 INFO [main] [com.laba.shoppingpackage.Seller.addProducts(Seller.java:85)] - New product object created
2023-05-08 04:59:56.265 INFO [main] [com.laba.shoppingpackage.Customer.<init>(Customer.java:24)] - Customer object created
2023-05-08 04:59:56.281 INFO [main] [com.laba.shoppingpackage.Customer.login(Customer.java:65)] - Customer 0 login attempt
2023-05-08 04:59:56.281 INFO [main] [com.laba.shoppingpackage.Customer.login(Customer.java:73)] - Customer 0 - logged in successfully
2023-05-08 04:59:56.281 INFO [main] [com.laba.shoppingpackage.Admin.login(Admin.java:32)] - Admin 1 login attempt
2023-05-08 04:59:56.281 INFO [main] [com.laba.shoppingpackage.Admin.login(Admin.java:39)] - Admin 1 - logged in successfully
2023-05-08 04:59:56.313 INFO [main] [com.laba.mainpackage.Main.main(Main.java:49)] - Card number should be 16 digits
2023-05-08 04:59:56.313 WARN [main] [com.laba.mainpackage.Main.main(Main.java:53)] - Warning
2023-05-08 05:00:27.338 INFO [main] [com.laba.shoppingpackage.Seller.login(Seller.java:65)] - 1 logged in successfully.
2023-05-08 05:00:27.338 INFO [main] [com.laba.shoppingpackage.Seller.addProducts(Seller.java:85)] - New product object created
2023-05-08 05:00:27.338 INFO [main] [com.laba.shoppingpackage.Seller.addProducts(Seller.java:85)] - New product object created
2023-05-08 05:00:27.338 INFO [main] [com.laba.shoppingpackage.Customer.<init>(Customer.java:24)] - Customer object created
2023-05-08 05:00:27.357 INFO [main] [com.laba.shoppingpackage.Customer.login(Customer.java:65)] - Customer 0 login attempt
2023-05-08 05:00:27.357 INFO [main] [com.laba.shoppingpackage.Customer.login(Customer.java:73)] - Customer 0 - logged in successfully
2023-05-08 05:00:27.357 INFO [main] [com.laba.shoppingpackage.Admin.login(Admin.java:32)] - Admin 1 login attempt
2023-05-08 05:00:27.371 INFO [main] [com.laba.shoppingpackage.Admin.login(Admin.java:39)] - Admin 1 - logged in successfully
2023-05-08 05:00:27.401 INFO [main] [com.laba.mainpackage.Main.main(Main.java:49)] - Card number should be 16 digits
2023-05-08 05:00:27.401 WARN [main] [com.laba.mainpackage.Main.main(Main.java:53)] - Warning
2023-05-08 05:01:26.069 INFO [main] [com.laba.shoppingpackage.Seller.login(Seller.java:65)] - 1 logged in successfully.
2023-05-08 05:01:26.084 INFO [main] [com.laba.shoppingpackage.Seller.addProducts(Seller.java:85)] - New product object created
2023-05-08 05:01:26.084 INFO [main] [com.laba.shoppingpackage.Seller.addProducts(Seller.java:85)] - New product object created
2023-05-08 05:01:26.084 INFO [main] [com.laba.shoppingpackage.Customer.<init>(Customer.java:24)] - Customer object created
2023-05-08 05:01:26.084 INFO [main] [com.laba.shoppingpackage.Customer.login(Customer.java:65)] - Customer 0 login attempt
2023-05-08 05:01:26.084 INFO [main] [com.laba.shoppingpackage.Customer.login(Customer.java:73)] - Customer 0 - logged in successfully
2023-05-08 05:01:26.099 INFO [main] [com.laba.shoppingpackage.Admin.login(Admin.java:32)] - Admin 1 login attempt
2023-05-08 05:01:26.099 INFO [main] [com.laba.shoppingpackage.Admin.login(Admin.java:39)] - Admin 1 - logged in successfully
2023-05-08 05:01:26.115 INFO [main] [com.laba.mainpackage.Main.main(Main.java:49)] - Card number should be 16 digits
2023-05-08 05:01:26.115 WARN [main] [com.laba.mainpackage.Main.main(Main.java:53)] - Warning
2023-05-08 05:02:45.333 INFO [main] [com.laba.shoppingpackage.Seller.login(Seller.java:65)] - 1 logged in successfully.
2023-05-08 05:02:45.333 INFO [main] [com.laba.shoppingpackage.Seller.addProducts(Seller.java:85)] - New product object created
2023-05-08 05:02:45.333 INFO [main] [com.laba.shoppingpackage.Seller.addProducts(Seller.java:85)] - New product object created
2023-05-08 05:02:45.333 INFO [main] [com.laba.shoppingpackage.Customer.<init>(Customer.java:24)] - Customer object created
2023-05-08 05:02:45.349 INFO [main] [com.laba.shoppingpackage.Customer.login(Customer.java:65)] - Customer 0 login attempt
2023-05-08 05:02:45.349 INFO [main] [com.laba.shoppingpackage.Customer.login(Customer.java:73)] - Customer 0 - logged in successfully
2023-05-08 05:02:45.365 INFO [main] [com.laba.shoppingpackage.Admin.login(Admin.java:32)] - Admin 1 login attempt
2023-05-08 05:02:45.365 INFO [main] [com.laba.shoppingpackage.Admin.login(Admin.java:39)] - Admin 1 - logged in successfully
2023-05-08 05:02:45.399 INFO [main] [com.laba.mainpackage.Main.main(Main.java:49)] - Card number should be 16 digits
2023-05-08 05:02:45.399 WARN [main] [com.laba.mainpackage.Main.main(Main.java:53)] - Warning
2023-05-08 05:04:55.803 INFO [main] [com.laba.shoppingpackage.Seller.login(Seller.java:65)] - 1 logged in successfully.
2023-05-08 05:04:55.803 INFO [main] [com.laba.shoppingpackage.Seller.addProducts(Seller.java:85)] - New product object created
2023-05-08 05:04:55.803 INFO [main] [com.laba.shoppingpackage.Seller.addProducts(Seller.java:85)] - New product object created
2023-05-08 05:04:55.803 INFO [main] [com.laba.shoppingpackage.Customer.<init>(Customer.java:24)] - Customer object created
2023-05-08 05:04:55.827 INFO [main] [com.laba.shoppingpackage.Customer.login(Customer.java:65)] - Customer 0 login attempt
2023-05-08 05:04:55.827 INFO [main] [com.laba.shoppingpackage.Customer.login(Customer.java:73)] - Customer 0 - logged in successfully
2023-05-08 05:04:55.827 INFO [main] [com.laba.shoppingpackage.Admin.login(Admin.java:32)] - Admin 1 login attempt
2023-05-08 05:04:55.827 INFO [main] [com.laba.shoppingpackage.Admin.login(Admin.java:39)] - Admin 1 - logged in successfully
2023-05-08 05:04:55.858 INFO [main] [com.laba.mainpackage.Main.main(Main.java:49)] - Card number should be 16 digits
2023-05-08 05:04:55.858 WARN [main] [com.laba.mainpackage.Main.main(Main.java:53)] - Warning
2023-05-08 05:05:25.358 INFO [main] [com.laba.shoppingpackage.Seller.login(Seller.java:65)] - 1 logged in successfully.
2023-05-08 05:05:25.374 INFO [main] [com.laba.shoppingpackage.Seller.addProducts(Seller.java:85)] - New product object created
2023-05-08 05:05:25.374 INFO [main] [com.laba.shoppingpackage.Seller.addProducts(Seller.java:85)] - New product object created
2023-05-08 05:05:25.374 INFO [main] [com.laba.shoppingpackage.Customer.<init>(Customer.java:24)] - Customer object created
2023-05-08 05:05:25.374 INFO [main] [com.laba.shoppingpackage.Customer.login(Customer.java:65)] - Customer 0 login attempt
2023-05-08 05:05:25.374 INFO [main] [com.laba.shoppingpackage.Customer.login(Customer.java:73)] - Customer 0 - logged in successfully
2023-05-08 05:05:25.390 INFO [main] [com.laba.shoppingpackage.Admin.login(Admin.java:32)] - Admin 1 login attempt
2023-05-08 05:05:25.390 INFO [main] [com.laba.shoppingpackage.Admin.login(Admin.java:39)] - Admin 1 - logged in successfully
2023-05-08 05:05:25.421 INFO [main] [com.laba.mainpackage.Main.main(Main.java:49)] - Card number should be 16 digits
2023-05-08 05:05:25.421 WARN [main] [com.laba.mainpackage.Main.main(Main.java:53)] - Warning
2023-05-08 05:06:54.624 INFO [main] [com.laba.shoppingpackage.Seller.login(Seller.java:65)] - 1 logged in successfully.
2023-05-08 05:06:54.624 INFO [main] [com.laba.shoppingpackage.Seller.addProducts(Seller.java:85)] - New product object created
2023-05-08 05:06:54.624 INFO [main] [com.laba.shoppingpackage.Seller.addProducts(Seller.java:85)] - New product object created
2023-05-08 05:06:54.624 INFO [main] [com.laba.shoppingpackage.Customer.<init>(Customer.java:24)] - Customer object created
2023-05-08 05:06:54.640 INFO [main] [com.laba.shoppingpackage.Customer.login(Customer.java:65)] - Customer 0 login attempt
2023-05-08 05:06:54.640 INFO [main] [com.laba.shoppingpackage.Customer.login(Customer.java:73)] - Customer 0 - logged in successfully
2023-05-08 05:06:54.640 INFO [main] [com.laba.shoppingpackage.Admin.login(Admin.java:32)] - Admin 1 login attempt
2023-05-08 05:06:54.640 INFO [main] [com.laba.shoppingpackage.Admin.login(Admin.java:39)] - Admin 1 - logged in successfully
2023-05-08 05:06:54.679 INFO [main] [com.laba.mainpackage.Main.main(Main.java:49)] - Card number should be 16 digits
2023-05-08 05:06:54.679 WARN [main] [com.laba.mainpackage.Main.main(Main.java:53)] - Warning
2023-05-08 05:08:11.437 INFO [main] [com.laba.shoppingpackage.Seller.login(Seller.java:65)] - 1 logged in successfully.
2023-05-08 05:08:11.437 INFO [main] [com.laba.shoppingpackage.Seller.addProducts(Seller.java:85)] - New product object created
2023-05-08 05:08:11.437 INFO [main] [com.laba.shoppingpackage.Seller.addProducts(Seller.java:85)] - New product object created
2023-05-08 05:08:11.437 INFO [main] [com.laba.shoppingpackage.Customer.<init>(Customer.java:24)] - Customer object created
2023-05-08 05:08:11.453 INFO [main] [com.laba.shoppingpackage.Customer.login(Customer.java:65)] - Customer 0 login attempt
2023-05-08 05:08:11.453 INFO [main] [com.laba.shoppingpackage.Customer.login(Customer.java:73)] - Customer 0 - logged in successfully
2023-05-08 05:08:11.453 INFO [main] [com.laba.shoppingpackage.Admin.login(Admin.java:32)] - Admin 1 login attempt
2023-05-08 05:08:11.453 INFO [main] [com.laba.shoppingpackage.Admin.login(Admin.java:39)] - Admin 1 - logged in successfully
2023-05-08 05:08:11.485 INFO [main] [com.laba.mainpackage.Main.main(Main.java:49)] - Card number should be 16 digits
2023-05-08 05:08:11.485 WARN [main] [com.laba.mainpackage.Main.main(Main.java:53)] - Warning
2023-05-08 05:08:45.947 INFO [main] [com.laba.shoppingpackage.Seller.login(Seller.java:65)] - 1 logged in successfully.
2023-05-08 05:08:45.947 INFO [main] [com.laba.shoppingpackage.Seller.addProducts(Seller.java:85)] - New product object created
2023-05-08 05:08:45.947 INFO [main] [com.laba.shoppingpackage.Seller.addProducts(Seller.java:85)] - New product object created
2023-05-08 05:08:45.947 INFO [main] [com.laba.shoppingpackage.Customer.<init>(Customer.java:24)] - Customer object created
2023-05-08 05:08:45.962 INFO [main] [com.laba.shoppingpackage.Customer.login(Customer.java:65)] - Customer 0 login attempt
2023-05-08 05:08:45.962 INFO [main] [com.laba.shoppingpackage.Customer.login(Customer.java:73)] - Customer 0 - logged in successfully
2023-05-08 05:08:45.962 INFO [main] [com.laba.shoppingpackage.Admin.login(Admin.java:32)] - Admin 1 login attempt
2023-05-08 05:08:45.962 INFO [main] [com.laba.shoppingpackage.Admin.login(Admin.java:39)] - Admin 1 - logged in successfully
2023-05-08 05:08:46.005 INFO [main] [com.laba.mainpackage.Main.main(Main.java:49)] - Card number should be 16 digits
2023-05-08 05:08:46.005 WARN [main] [com.laba.mainpackage.Main.main(Main.java:53)] - Warning
2023-05-08 05:09:17.905 INFO [main] [com.laba.shoppingpackage.Seller.login(Seller.java:65)] - 1 logged in successfully.
2023-05-08 05:09:17.905 INFO [main] [com.laba.shoppingpackage.Seller.addProducts(Seller.java:85)] - New product object created
2023-05-08 05:09:17.905 INFO [main] [com.laba.shoppingpackage.Seller.addProducts(Seller.java:85)] - New product object created
2023-05-08 05:09:17.905 INFO [main] [com.laba.shoppingpackage.Customer.<init>(Customer.java:24)] - Customer object created
2023-05-08 05:09:17.920 INFO [main] [com.laba.shoppingpackage.Customer.login(Customer.java:65)] - Customer 0 login attempt
2023-05-08 05:09:17.920 INFO [main] [com.laba.shoppingpackage.Customer.login(Customer.java:73)] - Customer 0 - logged in successfully
2023-05-08 05:09:17.920 INFO [main] [com.laba.shoppingpackage.Admin.login(Admin.java:32)] - Admin 1 login attempt
2023-05-08 05:09:17.920 INFO [main] [com.laba.shoppingpackage.Admin.login(Admin.java:39)] - Admin 1 - logged in successfully
2023-05-08 05:09:17.951 INFO [main] [com.laba.mainpackage.Main.main(Main.java:49)] - Card number should be 16 digits
2023-05-08 05:09:17.951 WARN [main] [com.laba.mainpackage.Main.main(Main.java:53)] - Warning
2023-05-08 05:10:00.637 INFO [main] [com.laba.shoppingpackage.Seller.login(Seller.java:65)] - 1 logged in successfully.
2023-05-08 05:10:00.652 INFO [main] [com.laba.shoppingpackage.Seller.addProducts(Seller.java:85)] - New product object created
2023-05-08 05:10:00.652 INFO [main] [com.laba.shoppingpackage.Seller.addProducts(Seller.java:85)] - New product object created
2023-05-08 05:10:00.652 INFO [main] [com.laba.shoppingpackage.Customer.<init>(Customer.java:24)] - Customer object created
2023-05-08 05:10:00.652 INFO [main] [com.laba.shoppingpackage.Customer.login(Customer.java:65)] - Customer 0 login attempt
2023-05-08 05:10:00.668 INFO [main] [com.laba.shoppingpackage.Customer.login(Customer.java:73)] - Customer 0 - logged in successfully
2023-05-08 05:10:00.668 INFO [main] [com.laba.shoppingpackage.Admin.login(Admin.java:32)] - Admin 1 login attempt
2023-05-08 05:10:00.668 INFO [main] [com.laba.shoppingpackage.Admin.login(Admin.java:39)] - Admin 1 - logged in successfully
2023-05-08 05:10:00.684 INFO [main] [com.laba.mainpackage.Main.main(Main.java:49)] - Card number should be 16 digits
2023-05-08 05:10:00.684 WARN [main] [com.laba.mainpackage.Main.main(Main.java:53)] - Warning
2023-05-08 05:11:43.529 INFO [main] [com.laba.shoppingpackage.Seller.login(Seller.java:65)] - 1 logged in successfully.
2023-05-08 05:11:43.529 INFO [main] [com.laba.shoppingpackage.Seller.addProducts(Seller.java:85)] - New product object created
2023-05-08 05:11:43.529 INFO [main] [com.laba.shoppingpackage.Seller.addProducts(Seller.java:85)] - New product object created
2023-05-08 05:11:43.529 INFO [main] [com.laba.shoppingpackage.Customer.<init>(Customer.java:24)] - Customer object created
2023-05-08 05:11:43.545 INFO [main] [com.laba.shoppingpackage.Customer.login(Customer.java:65)] - Customer 0 login attempt
2023-05-08 05:11:43.545 INFO [main] [com.laba.shoppingpackage.Customer.login(Customer.java:73)] - Customer 0 - logged in successfully
2023-05-08 05:11:43.545 INFO [main] [com.laba.shoppingpackage.Admin.login(Admin.java:32)] - Admin 1 login attempt
2023-05-08 05:11:43.545 INFO [main] [com.laba.shoppingpackage.Admin.login(Admin.java:39)] - Admin 1 - logged in successfully
2023-05-08 05:11:43.598 INFO [main] [com.laba.mainpackage.Main.main(Main.java:49)] - Card number should be 16 digits
2023-05-08 05:11:43.598 WARN [main] [com.laba.mainpackage.Main.main(Main.java:53)] - Warning
2023-05-08 05:13:30.522 INFO [main] [com.laba.shoppingpackage.Seller.login(Seller.java:65)] - 1 logged in successfully.
2023-05-08 05:13:30.531 INFO [main] [com.laba.shoppingpackage.Seller.addProducts(Seller.java:85)] - New product object created
2023-05-08 05:13:30.531 INFO [main] [com.laba.shoppingpackage.Seller.addProducts(Seller.java:85)] - New product object created
2023-05-08 05:13:30.532 INFO [main] [com.laba.shoppingpackage.Customer.<init>(Customer.java:24)] - Customer object created
2023-05-08 05:13:30.532 INFO [main] [com.laba.shoppingpackage.Customer.login(Customer.java:65)] - Customer 0 login attempt
2023-05-08 05:13:30.532 INFO [main] [com.laba.shoppingpackage.Customer.login(Customer.java:73)] - Customer 0 - logged in successfully
2023-05-08 05:13:30.548 INFO [main] [com.laba.shoppingpackage.Admin.login(Admin.java:32)] - Admin 1 login attempt
2023-05-08 05:13:30.548 INFO [main] [com.laba.shoppingpackage.Admin.login(Admin.java:39)] - Admin 1 - logged in successfully
2023-05-08 05:13:30.579 INFO [main] [com.laba.mainpackage.Main.main(Main.java:49)] - Card number should be 16 digits
2023-05-08 05:13:30.579 WARN [main] [com.laba.mainpackage.Main.main(Main.java:53)] - Warning
2023-05-08 05:14:49.614 INFO [main] [com.laba.shoppingpackage.Seller.login(Seller.java:65)] - 1 logged in successfully.
2023-05-08 05:14:49.614 INFO [main] [com.laba.shoppingpackage.Seller.addProducts(Seller.java:85)] - New product object created
2023-05-08 05:14:49.630 INFO [main] [com.laba.shoppingpackage.Seller.addProducts(Seller.java:85)] - New product object created
2023-05-08 05:14:49.630 INFO [main] [com.laba.shoppingpackage.Customer.<init>(Customer.java:24)] - Customer object created
2023-05-08 05:14:49.630 INFO [main] [com.laba.shoppingpackage.Customer.login(Customer.java:65)] - Customer 0 login attempt
2023-05-08 05:14:49.630 INFO [main] [com.laba.shoppingpackage.Customer.login(Customer.java:73)] - Customer 0 - logged in successfully
2023-05-08 05:14:49.645 INFO [main] [com.laba.shoppingpackage.Admin.login(Admin.java:32)] - Admin 1 login attempt
2023-05-08 05:14:49.645 INFO [main] [com.laba.shoppingpackage.Admin.login(Admin.java:39)] - Admin 1 - logged in successfully
2023-05-08 05:14:49.677 INFO [main] [com.laba.mainpackage.Main.main(Main.java:49)] - Card number should be 16 digits
2023-05-08 05:14:49.677 WARN [main] [com.laba.mainpackage.Main.main(Main.java:53)] - Warning
2023-05-08 05:17:02.945 INFO [main] [com.laba.shoppingpackage.Seller.login(Seller.java:65)] - 1 logged in successfully.
2023-05-08 05:17:02.945 INFO [main] [com.laba.shoppingpackage.Seller.addProducts(Seller.java:85)] - New product object created
2023-05-08 05:17:02.945 INFO [main] [com.laba.shoppingpackage.Seller.addProducts(Seller.java:85)] - New product object created
2023-05-08 05:17:02.945 INFO [main] [com.laba.shoppingpackage.Customer.<init>(Customer.java:24)] - Customer object created
2023-05-08 05:17:02.960 INFO [main] [com.laba.shoppingpackage.Customer.login(Customer.java:65)] - Customer 0 login attempt
2023-05-08 05:17:02.960 INFO [main] [com.laba.shoppingpackage.Customer.login(Customer.java:73)] - Customer 0 - logged in successfully
2023-05-08 05:17:02.960 INFO [main] [com.laba.shoppingpackage.Admin.login(Admin.java:32)] - Admin 1 login attempt
2023-05-08 05:17:02.960 INFO [main] [com.laba.shoppingpackage.Admin.login(Admin.java:39)] - Admin 1 - logged in successfully
2023-05-08 05:17:03.007 INFO [main] [com.laba.mainpackage.Main.main(Main.java:49)] - Card number should be 16 digits
2023-05-08 05:17:03.007 WARN [main] [com.laba.mainpackage.Main.main(Main.java:53)] - Warning
2023-05-08 05:19:23.317 INFO [main] [com.laba.shoppingpackage.Seller.login(Seller.java:65)] - 1 logged in successfully.
2023-05-08 05:19:23.333 INFO [main] [com.laba.shoppingpackage.Seller.addProducts(Seller.java:85)] - New product object created
2023-05-08 05:19:23.333 INFO [main] [com.laba.shoppingpackage.Seller.addProducts(Seller.java:85)] - New product object created
2023-05-08 05:19:23.333 INFO [main] [com.laba.shoppingpackage.Customer.<init>(Customer.java:24)] - Customer object created
2023-05-08 05:19:23.348 INFO [main] [com.laba.shoppingpackage.Customer.login(Customer.java:65)] - Customer 0 login attempt
2023-05-08 05:19:23.348 INFO [main] [com.laba.shoppingpackage.Customer.login(Customer.java:73)] - Customer 0 - logged in successfully
2023-05-08 05:19:23.348 INFO [main] [com.laba.shoppingpackage.Admin.login(Admin.java:32)] - Admin 1 login attempt
2023-05-08 05:19:23.348 INFO [main] [com.laba.shoppingpackage.Admin.login(Admin.java:39)] - Admin 1 - logged in successfully
2023-05-08 05:19:23.380 INFO [main] [com.laba.mainpackage.Main.main(Main.java:49)] - Card number should be 16 digits
2023-05-08 05:19:23.380 WARN [main] [com.laba.mainpackage.Main.main(Main.java:53)] - Warning
2023-05-08 05:21:31.793 INFO [main] [com.laba.shoppingpackage.Seller.login(Seller.java:65)] - 1 logged in successfully.
2023-05-08 05:21:31.793 INFO [main] [com.laba.shoppingpackage.Seller.addProducts(Seller.java:85)] - New product object created
2023-05-08 05:21:31.793 INFO [main] [com.laba.shoppingpackage.Seller.addProducts(Seller.java:85)] - New product object created
2023-05-08 05:21:31.793 INFO [main] [com.laba.shoppingpackage.Customer.<init>(Customer.java:24)] - Customer object created
2023-05-08 05:21:31.808 INFO [main] [com.laba.shoppingpackage.Customer.login(Customer.java:65)] - Customer 0 login attempt
2023-05-08 05:21:31.808 INFO [main] [com.laba.shoppingpackage.Customer.login(Customer.java:73)] - Customer 0 - logged in successfully
2023-05-08 05:21:31.808 INFO [main] [com.laba.shoppingpackage.Admin.login(Admin.java:32)] - Admin 1 login attempt
2023-05-08 05:21:31.808 INFO [main] [com.laba.shoppingpackage.Admin.login(Admin.java:39)] - Admin 1 - logged in successfully
2023-05-08 05:21:31.840 INFO [main] [com.laba.mainpackage.Main.main(Main.java:49)] - Card number should be 16 digits
2023-05-08 05:21:31.840 WARN [main] [com.laba.mainpackage.Main.main(Main.java:53)] - Warning
2023-05-08 05:22:13.809 INFO [main] [com.laba.shoppingpackage.Seller.login(Seller.java:65)] - 1 logged in successfully.
2023-05-08 05:22:13.825 INFO [main] [com.laba.shoppingpackage.Seller.addProducts(Seller.java:85)] - New product object created
2023-05-08 05:22:13.825 INFO [main] [com.laba.shoppingpackage.Seller.addProducts(Seller.java:85)] - New product object created
2023-05-08 05:22:13.825 INFO [main] [com.laba.shoppingpackage.Customer.<init>(Customer.java:24)] - Customer object created
2023-05-08 05:22:13.840 INFO [main] [com.laba.shoppingpackage.Customer.login(Customer.java:65)] - Customer 0 login attempt
2023-05-08 05:22:13.840 INFO [main] [com.laba.shoppingpackage.Customer.login(Customer.java:73)] - Customer 0 - logged in successfully
2023-05-08 05:22:13.840 INFO [main] [com.laba.shoppingpackage.Admin.login(Admin.java:32)] - Admin 1 login attempt
2023-05-08 05:22:13.840 INFO [main] [com.laba.shoppingpackage.Admin.login(Admin.java:39)] - Admin 1 - logged in successfully
2023-05-08 05:22:13.882 INFO [main] [com.laba.mainpackage.Main.main(Main.java:49)] - Card number should be 16 digits
2023-05-08 05:22:13.882 WARN [main] [com.laba.mainpackage.Main.main(Main.java:53)] - Warning
2023-05-08 05:25:17.639 INFO [main] [com.laba.shoppingpackage.Seller.login(Seller.java:65)] - 1 logged in successfully.
2023-05-08 05:25:17.639 INFO [main] [com.laba.shoppingpackage.Seller.addProducts(Seller.java:85)] - New product object created
2023-05-08 05:25:17.639 INFO [main] [com.laba.shoppingpackage.Seller.addProducts(Seller.java:85)] - New product object created
2023-05-08 05:25:17.639 INFO [main] [com.laba.shoppingpackage.Customer.<init>(Customer.java:24)] - Customer object created
2023-05-08 05:25:17.655 INFO [main] [com.laba.shoppingpackage.Customer.login(Customer.java:65)] - Customer 0 login attempt
2023-05-08 05:25:17.655 INFO [main] [com.laba.shoppingpackage.Customer.login(Customer.java:73)] - Customer 0 - logged in successfully
2023-05-08 05:25:17.655 INFO [main] [com.laba.shoppingpackage.Admin.login(Admin.java:32)] - Admin 1 login attempt
2023-05-08 05:25:17.655 INFO [main] [com.laba.shoppingpackage.Admin.login(Admin.java:39)] - Admin 1 - logged in successfully
2023-05-08 05:25:17.702 INFO [main] [com.laba.mainpackage.Main.main(Main.java:49)] - Card number should be 16 digits
2023-05-08 05:25:17.702 WARN [main] [com.laba.mainpackage.Main.main(Main.java:53)] - Warning
2023-05-08 05:26:29.162 INFO [main] [com.laba.shoppingpackage.Seller.login(Seller.java:65)] - 1 logged in successfully.
2023-05-08 05:26:29.162 INFO [main] [com.laba.shoppingpackage.Seller.addProducts(Seller.java:85)] - New product object created
2023-05-08 05:26:29.162 INFO [main] [com.laba.shoppingpackage.Seller.addProducts(Seller.java:85)] - New product object created
2023-05-08 05:26:29.162 INFO [main] [com.laba.shoppingpackage.Customer.<init>(Customer.java:24)] - Customer object created
2023-05-08 05:26:29.177 INFO [main] [com.laba.shoppingpackage.Customer.login(Customer.java:65)] - Customer 0 login attempt
2023-05-08 05:26:29.177 INFO [main] [com.laba.shoppingpackage.Customer.login(Customer.java:73)] - Customer 0 - logged in successfully
2023-05-08 05:26:29.177 INFO [main] [com.laba.shoppingpackage.Admin.login(Admin.java:32)] - Admin 1 login attempt
2023-05-08 05:26:29.177 INFO [main] [com.laba.shoppingpackage.Admin.login(Admin.java:39)] - Admin 1 - logged in successfully
2023-05-08 05:26:29.225 INFO [main] [com.laba.mainpackage.Main.main(Main.java:49)] - Card number should be 16 digits
2023-05-08 05:26:29.225 WARN [main] [com.laba.mainpackage.Main.main(Main.java:53)] - Warning
2023-05-08 05:27:06.790 INFO [main] [com.laba.shoppingpackage.Seller.login(Seller.java:65)] - 1 logged in successfully.
2023-05-08 05:27:06.790 INFO [main] [com.laba.shoppingpackage.Seller.addProducts(Seller.java:85)] - New product object created
2023-05-08 05:27:06.806 INFO [main] [com.laba.shoppingpackage.Seller.addProducts(Seller.java:85)] - New product object created
2023-05-08 05:27:06.806 INFO [main] [com.laba.shoppingpackage.Customer.<init>(Customer.java:24)] - Customer object created
2023-05-08 05:27:06.822 INFO [main] [com.laba.shoppingpackage.Customer.login(Customer.java:65)] - Customer 0 login attempt
2023-05-08 05:27:06.822 INFO [main] [com.laba.shoppingpackage.Customer.login(Customer.java:73)] - Customer 0 - logged in successfully
2023-05-08 05:27:06.822 INFO [main] [com.laba.shoppingpackage.Admin.login(Admin.java:32)] - Admin 1 login attempt
2023-05-08 05:27:06.822 INFO [main] [com.laba.shoppingpackage.Admin.login(Admin.java:39)] - Admin 1 - logged in successfully
2023-05-08 05:27:06.853 INFO [main] [com.laba.mainpackage.Main.main(Main.java:49)] - Card number should be 16 digits
2023-05-08 05:27:06.853 WARN [main] [com.laba.mainpackage.Main.main(Main.java:53)] - Warning
2023-05-08 05:28:20.873 INFO [main] [com.laba.shoppingpackage.Seller.login(Seller.java:65)] - 1 logged in successfully.
2023-05-08 05:28:20.873 INFO [main] [com.laba.shoppingpackage.Seller.addProducts(Seller.java:85)] - New product object created
2023-05-08 05:28:20.873 INFO [main] [com.laba.shoppingpackage.Seller.addProducts(Seller.java:85)] - New product object created
2023-05-08 05:28:20.873 INFO [main] [com.laba.shoppingpackage.Customer.<init>(Customer.java:24)] - Customer object created
2023-05-08 05:28:20.888 INFO [main] [com.laba.shoppingpackage.Customer.login(Customer.java:65)] - Customer 0 login attempt
2023-05-08 05:28:20.888 INFO [main] [com.laba.shoppingpackage.Customer.login(Customer.java:73)] - Customer 0 - logged in successfully
2023-05-08 05:28:20.888 INFO [main] [com.laba.shoppingpackage.Admin.login(Admin.java:32)] - Admin 1 login attempt
2023-05-08 05:28:20.888 INFO [main] [com.laba.shoppingpackage.Admin.login(Admin.java:39)] - Admin 1 - logged in successfully
2023-05-08 05:28:20.924 INFO [main] [com.laba.mainpackage.Main.main(Main.java:49)] - Card number should be 16 digits
2023-05-08 05:28:20.924 WARN [main] [com.laba.mainpackage.Main.main(Main.java:53)] - Warning
2023-05-08 05:28:52.729 INFO [main] [com.laba.shoppingpackage.Seller.login(Seller.java:65)] - 1 logged in successfully.
2023-05-08 05:28:52.729 INFO [main] [com.laba.shoppingpackage.Seller.addProducts(Seller.java:85)] - New product object created
2023-05-08 05:28:52.729 INFO [main] [com.laba.shoppingpackage.Seller.addProducts(Seller.java:85)] - New product object created
2023-05-08 05:28:52.729 INFO [main] [com.laba.shoppingpackage.Customer.<init>(Customer.java:24)] - Customer object created
2023-05-08 05:28:52.745 INFO [main] [com.laba.shoppingpackage.Customer.login(Customer.java:65)] - Customer 0 login attempt
2023-05-08 05:28:52.745 INFO [main] [com.laba.shoppingpackage.Customer.login(Customer.java:73)] - Customer 0 - logged in successfully
2023-05-08 05:28:52.745 INFO [main] [com.laba.shoppingpackage.Admin.login(Admin.java:32)] - Admin 1 login attempt
2023-05-08 05:28:52.745 INFO [main] [com.laba.shoppingpackage.Admin.login(Admin.java:39)] - Admin 1 - logged in successfully
2023-05-08 05:28:52.777 INFO [main] [com.laba.mainpackage.Main.main(Main.java:49)] - Card number should be 16 digits
2023-05-08 05:28:52.777 WARN [main] [com.laba.mainpackage.Main.main(Main.java:53)] - Warning
2023-05-08 05:31:20.693 INFO [main] [com.laba.shoppingpackage.Seller.login(Seller.java:65)] - 1 logged in successfully.
2023-05-08 05:31:20.693 INFO [main] [com.laba.shoppingpackage.Seller.addProducts(Seller.java:85)] - New product object created
2023-05-08 05:31:20.693 INFO [main] [com.laba.shoppingpackage.Seller.addProducts(Seller.java:85)] - New product object created
2023-05-08 05:31:20.693 INFO [main] [com.laba.shoppingpackage.Customer.<init>(Customer.java:24)] - Customer object created
2023-05-08 05:31:20.709 INFO [main] [com.laba.shoppingpackage.Customer.login(Customer.java:65)] - Customer 0 login attempt
2023-05-08 05:31:20.709 INFO [main] [com.laba.shoppingpackage.Customer.login(Customer.java:73)] - Customer 0 - logged in successfully
2023-05-08 05:31:20.709 INFO [main] [com.laba.shoppingpackage.Admin.login(Admin.java:32)] - Admin 1 login attempt
2023-05-08 05:31:20.709 INFO [main] [com.laba.shoppingpackage.Admin.login(Admin.java:39)] - Admin 1 - logged in successfully
2023-05-08 05:31:20.754 INFO [main] [com.laba.mainpackage.Main.main(Main.java:49)] - Card number should be 16 digits
2023-05-08 05:31:20.756 WARN [main] [com.laba.mainpackage.Main.main(Main.java:53)] - Warning
2023-05-08 05:31:56.335 INFO [main] [com.laba.shoppingpackage.Seller.login(Seller.java:65)] - 1 logged in successfully.
2023-05-08 05:31:56.335 INFO [main] [com.laba.shoppingpackage.Seller.addProducts(Seller.java:85)] - New product object created
2023-05-08 05:31:56.335 INFO [main] [com.laba.shoppingpackage.Seller.addProducts(Seller.java:85)] - New product object created
2023-05-08 05:31:56.335 INFO [main] [com.laba.shoppingpackage.Customer.<init>(Customer.java:24)] - Customer object created
2023-05-08 05:31:56.355 INFO [main] [com.laba.shoppingpackage.Customer.login(Customer.java:65)] - Customer 0 login attempt
2023-05-08 05:31:56.355 INFO [main] [com.laba.shoppingpackage.Customer.login(Customer.java:73)] - Customer 0 - logged in successfully
2023-05-08 05:31:56.355 INFO [main] [com.laba.shoppingpackage.Admin.login(Admin.java:32)] - Admin 1 login attempt
2023-05-08 05:31:56.355 INFO [main] [com.laba.shoppingpackage.Admin.login(Admin.java:39)] - Admin 1 - logged in successfully
2023-05-08 05:31:56.382 INFO [main] [com.laba.mainpackage.Main.main(Main.java:49)] - Card number should be 16 digits
2023-05-08 05:31:56.382 WARN [main] [com.laba.mainpackage.Main.main(Main.java:53)] - Warning
2023-05-08 05:33:45.368 INFO [main] [com.laba.shoppingpackage.Seller.login(Seller.java:65)] - 1 logged in successfully.
2023-05-08 05:33:45.368 INFO [main] [com.laba.shoppingpackage.Seller.addProducts(Seller.java:85)] - New product object created
2023-05-08 05:33:45.368 INFO [main] [com.laba.shoppingpackage.Seller.addProducts(Seller.java:85)] - New product object created
2023-05-08 05:33:45.368 INFO [main] [com.laba.shoppingpackage.Customer.<init>(Customer.java:24)] - Customer object created
2023-05-08 05:33:45.384 INFO [main] [com.laba.shoppingpackage.Customer.login(Customer.java:65)] - Customer 0 login attempt
2023-05-08 05:33:45.384 INFO [main] [com.laba.shoppingpackage.Customer.login(Customer.java:73)] - Customer 0 - logged in successfully
2023-05-08 05:33:45.384 INFO [main] [com.laba.shoppingpackage.Admin.login(Admin.java:32)] - Admin 1 login attempt
2023-05-08 05:33:45.384 INFO [main] [com.laba.shoppingpackage.Admin.login(Admin.java:39)] - Admin 1 - logged in successfully
2023-05-08 05:33:45.431 INFO [main] [com.laba.mainpackage.Main.main(Main.java:49)] - Card number should be 16 digits
2023-05-08 05:33:45.431 WARN [main] [com.laba.mainpackage.Main.main(Main.java:53)] - Warning
2023-05-08 05:34:47.019 INFO [main] [com.laba.shoppingpackage.Seller.login(Seller.java:65)] - 1 logged in successfully.
2023-05-08 05:34:47.019 INFO [main] [com.laba.shoppingpackage.Seller.addProducts(Seller.java:85)] - New product object created
2023-05-08 05:34:47.019 INFO [main] [com.laba.shoppingpackage.Seller.addProducts(Seller.java:85)] - New product object created
2023-05-08 05:34:47.019 INFO [main] [com.laba.shoppingpackage.Customer.<init>(Customer.java:24)] - Customer object created
2023-05-08 05:34:47.035 INFO [main] [com.laba.shoppingpackage.Customer.login(Customer.java:65)] - Customer 0 login attempt
2023-05-08 05:34:47.035 INFO [main] [com.laba.shoppingpackage.Customer.login(Customer.java:73)] - Customer 0 - logged in successfully
2023-05-08 05:34:47.035 INFO [main] [com.laba.shoppingpackage.Admin.login(Admin.java:32)] - Admin 1 login attempt
2023-05-08 05:34:47.035 INFO [main] [com.laba.shoppingpackage.Admin.login(Admin.java:39)] - Admin 1 - logged in successfully
2023-05-08 05:34:47.066 INFO [main] [com.laba.mainpackage.Main.main(Main.java:49)] - Card number should be 16 digits
2023-05-08 05:34:47.066 WARN [main] [com.laba.mainpackage.Main.main(Main.java:53)] - Warning
2023-05-08 05:35:49.861 INFO [main] [com.laba.shoppingpackage.Seller.login(Seller.java:65)] - 1 logged in successfully.
2023-05-08 05:35:49.861 INFO [main] [com.laba.shoppingpackage.Seller.addProducts(Seller.java:85)] - New product object created
2023-05-08 05:35:49.861 INFO [main] [com.laba.shoppingpackage.Seller.addProducts(Seller.java:85)] - New product object created
2023-05-08 05:35:49.861 INFO [main] [com.laba.shoppingpackage.Customer.<init>(Customer.java:24)] - Customer object created
2023-05-08 05:35:49.876 INFO [main] [com.laba.shoppingpackage.Customer.login(Customer.java:65)] - Customer 0 login attempt
2023-05-08 05:35:49.876 INFO [main] [com.laba.shoppingpackage.Customer.login(Customer.java:73)] - Customer 0 - logged in successfully
2023-05-08 05:35:49.876 INFO [main] [com.laba.shoppingpackage.Admin.login(Admin.java:32)] - Admin 1 login attempt
2023-05-08 05:35:49.876 INFO [main] [com.laba.shoppingpackage.Admin.login(Admin.java:39)] - Admin 1 - logged in successfully
2023-05-08 05:35:49.918 INFO [main] [com.laba.mainpackage.Main.main(Main.java:49)] - Card number should be 16 digits
2023-05-08 05:35:49.918 WARN [main] [com.laba.mainpackage.Main.main(Main.java:53)] - Warning
2023-05-08 05:36:43.446 INFO [main] [com.laba.shoppingpackage.Seller.login(Seller.java:65)] - 1 logged in successfully.
2023-05-08 05:36:43.446 INFO [main] [com.laba.shoppingpackage.Seller.addProducts(Seller.java:85)] - New product object created
2023-05-08 05:36:43.446 INFO [main] [com.laba.shoppingpackage.Seller.addProducts(Seller.java:85)] - New product object created
2023-05-08 05:36:43.446 INFO [main] [com.laba.shoppingpackage.Customer.<init>(Customer.java:24)] - Customer object created
2023-05-08 05:36:43.461 INFO [main] [com.laba.shoppingpackage.Customer.login(Customer.java:65)] - Customer 0 login attempt
2023-05-08 05:36:43.461 INFO [main] [com.laba.shoppingpackage.Customer.login(Customer.java:73)] - Customer 0 - logged in successfully
2023-05-08 05:36:43.461 INFO [main] [com.laba.shoppingpackage.Admin.login(Admin.java:32)] - Admin 1 login attempt
2023-05-08 05:36:43.461 INFO [main] [com.laba.shoppingpackage.Admin.login(Admin.java:39)] - Admin 1 - logged in successfully
2023-05-08 05:36:43.509 INFO [main] [com.laba.mainpackage.Main.main(Main.java:49)] - Card number should be 16 digits
2023-05-08 05:36:43.509 WARN [main] [com.laba.mainpackage.Main.main(Main.java:53)] - Warning
2023-05-08 05:38:04.737 INFO [main] [com.laba.shoppingpackage.Seller.login(Seller.java:65)] - 1 logged in successfully.
2023-05-08 05:38:04.737 INFO [main] [com.laba.shoppingpackage.Seller.addProducts(Seller.java:85)] - New product object created
2023-05-08 05:38:04.737 INFO [main] [com.laba.shoppingpackage.Seller.addProducts(Seller.java:85)] - New product object created
2023-05-08 05:38:04.737 INFO [main] [com.laba.shoppingpackage.Customer.<init>(Customer.java:24)] - Customer object created
2023-05-08 05:38:04.753 INFO [main] [com.laba.shoppingpackage.Customer.login(Customer.java:65)] - Customer 0 login attempt
2023-05-08 05:38:04.753 INFO [main] [com.laba.shoppingpackage.Customer.login(Customer.java:73)] - Customer 0 - logged in successfully
2023-05-08 05:38:04.753 INFO [main] [com.laba.shoppingpackage.Admin.login(Admin.java:32)] - Admin 1 login attempt
2023-05-08 05:38:04.753 INFO [main] [com.laba.shoppingpackage.Admin.login(Admin.java:39)] - Admin 1 - logged in successfully
2023-05-08 05:38:04.784 INFO [main] [com.laba.mainpackage.Main.main(Main.java:49)] - Card number should be 16 digits
2023-05-08 05:38:04.784 WARN [main] [com.laba.mainpackage.Main.main(Main.java:53)] - Warning
2023-05-08 05:40:55.723 INFO [main] [com.laba.shoppingpackage.Seller.login(Seller.java:65)] - 1 logged in successfully.
2023-05-08 05:40:55.723 INFO [main] [com.laba.shoppingpackage.Seller.addProducts(Seller.java:85)] - New product object created
2023-05-08 05:40:55.723 INFO [main] [com.laba.shoppingpackage.Seller.addProducts(Seller.java:85)] - New product object created
2023-05-08 05:40:55.723 INFO [main] [com.laba.shoppingpackage.Customer.<init>(Customer.java:24)] - Customer object created
2023-05-08 05:40:55.755 INFO [main] [com.laba.shoppingpackage.Customer.login(Customer.java:65)] - Customer 0 login attempt
2023-05-08 05:40:55.755 INFO [main] [com.laba.shoppingpackage.Customer.login(Customer.java:73)] - Customer 0 - logged in successfully
2023-05-08 05:40:55.755 INFO [main] [com.laba.shoppingpackage.Admin.login(Admin.java:32)] - Admin 1 login attempt
2023-05-08 05:40:55.755 INFO [main] [com.laba.shoppingpackage.Admin.login(Admin.java:39)] - Admin 1 - logged in successfully
2023-05-08 05:40:55.800 INFO [main] [com.laba.mainpackage.Main.main(Main.java:49)] - Card number should be 16 digits
2023-05-08 05:40:55.800 WARN [main] [com.laba.mainpackage.Main.main(Main.java:53)] - Warning
2023-05-08 05:51:05.163 INFO [main] [com.laba.shoppingpackage.Seller.login(Seller.java:65)] - 1 logged in successfully.
2023-05-08 05:51:05.163 INFO [main] [com.laba.shoppingpackage.Seller.addProducts(Seller.java:85)] - New product object created
2023-05-08 05:51:05.163 INFO [main] [com.laba.shoppingpackage.Seller.addProducts(Seller.java:85)] - New product object created
2023-05-08 05:51:05.163 INFO [main] [com.laba.shoppingpackage.Customer.<init>(Customer.java:24)] - Customer object created
2023-05-08 05:51:05.178 INFO [main] [com.laba.shoppingpackage.Customer.login(Customer.java:65)] - Customer 0 login attempt
2023-05-08 05:51:05.178 INFO [main] [com.laba.shoppingpackage.Customer.login(Customer.java:73)] - Customer 0 - logged in successfully
2023-05-08 05:51:05.178 INFO [main] [com.laba.shoppingpackage.Admin.login(Admin.java:32)] - Admin 1 login attempt
2023-05-08 05:51:05.178 INFO [main] [com.laba.shoppingpackage.Admin.login(Admin.java:39)] - Admin 1 - logged in successfully
2023-05-08 05:51:05.226 INFO [main] [com.laba.mainpackage.Main.main(Main.java:49)] - Card number should be 16 digits
2023-05-08 05:51:05.226 WARN [main] [com.laba.mainpackage.Main.main(Main.java:53)] - Warning
2023-05-08 05:54:07.330 INFO [main] [com.laba.shoppingpackage.Seller.login(Seller.java:65)] - 1 logged in successfully.
2023-05-08 05:54:07.346 INFO [main] [com.laba.shoppingpackage.Seller.addProducts(Seller.java:85)] - New product object created
2023-05-08 05:54:07.346 INFO [main] [com.laba.shoppingpackage.Seller.addProducts(Seller.java:85)] - New product object created
2023-05-08 05:54:07.346 INFO [main] [com.laba.shoppingpackage.Customer.<init>(Customer.java:24)] - Customer object created
2023-05-08 05:54:07.346 INFO [main] [com.laba.shoppingpackage.Customer.login(Customer.java:65)] - Customer 0 login attempt
2023-05-08 05:54:07.361 INFO [main] [com.laba.shoppingpackage.Customer.login(Customer.java:73)] - Customer 0 - logged in successfully
2023-05-08 05:54:07.361 INFO [main] [com.laba.shoppingpackage.Admin.login(Admin.java:32)] - Admin 1 login attempt
2023-05-08 05:54:07.361 INFO [main] [com.laba.shoppingpackage.Admin.login(Admin.java:39)] - Admin 1 - logged in successfully
2023-05-08 05:54:07.393 INFO [main] [com.laba.mainpackage.Main.main(Main.java:49)] - Card number should be 16 digits
2023-05-08 05:54:07.393 WARN [main] [com.laba.mainpackage.Main.main(Main.java:53)] - Warning
2023-05-08 06:02:52.029 INFO [main] [com.laba.shoppingpackage.Seller.login(Seller.java:65)] - 1 logged in successfully.
2023-05-08 06:02:52.029 INFO [main] [com.laba.shoppingpackage.Seller.addProducts(Seller.java:85)] - New product object created
2023-05-08 06:02:52.029 INFO [main] [com.laba.shoppingpackage.Seller.addProducts(Seller.java:85)] - New product object created
2023-05-08 06:02:52.043 INFO [main] [com.laba.shoppingpackage.Customer.<init>(Customer.java:24)] - Customer object created
2023-05-08 06:02:52.045 INFO [main] [com.laba.shoppingpackage.Customer.login(Customer.java:65)] - Customer 0 login attempt
2023-05-08 06:02:52.045 INFO [main] [com.laba.shoppingpackage.Customer.login(Customer.java:73)] - Customer 0 - logged in successfully
2023-05-08 06:02:52.045 INFO [main] [com.laba.shoppingpackage.Admin.login(Admin.java:32)] - Admin 1 login attempt
2023-05-08 06:02:52.045 INFO [main] [com.laba.shoppingpackage.Admin.login(Admin.java:39)] - Admin 1 - logged in successfully
2023-05-08 06:02:52.076 INFO [main] [com.laba.mainpackage.Main.main(Main.java:49)] - Card number should be 16 digits
2023-05-08 06:02:52.076 WARN [main] [com.laba.mainpackage.Main.main(Main.java:53)] - Warning
2023-05-08 06:05:55.519 INFO [main] [com.laba.shoppingpackage.Seller.login(Seller.java:65)] - 1 logged in successfully.
2023-05-08 06:05:55.519 INFO [main] [com.laba.shoppingpackage.Seller.addProducts(Seller.java:85)] - New product object created
2023-05-08 06:05:55.519 INFO [main] [com.laba.shoppingpackage.Seller.addProducts(Seller.java:85)] - New product object created
2023-05-08 06:05:55.534 INFO [main] [com.laba.shoppingpackage.Customer.<init>(Customer.java:24)] - Customer object created
2023-05-08 06:05:55.534 INFO [main] [com.laba.shoppingpackage.Customer.login(Customer.java:65)] - Customer 0 login attempt
2023-05-08 06:05:55.534 INFO [main] [com.laba.shoppingpackage.Customer.login(Customer.java:73)] - Customer 0 - logged in successfully
2023-05-08 06:05:55.534 INFO [main] [com.laba.shoppingpackage.Admin.login(Admin.java:32)] - Admin 1 login attempt
2023-05-08 06:05:55.550 INFO [main] [com.laba.shoppingpackage.Admin.login(Admin.java:39)] - Admin 1 - logged in successfully
2023-05-08 06:05:55.550 INFO [main] [com.laba.shoppingpackage.Cart.addProductsToCart(Cart.java:31)] - Product added to cart
2023-05-08 06:05:55.550 INFO [main] [com.laba.shoppingpackage.Cart.addProductsToCart(Cart.java:31)] - Product added to cart
2023-05-08 06:05:55.550 INFO [main] [com.laba.shoppingpackage.Cart.addProductsToCart(Cart.java:31)] - Product added to cart
2023-05-08 06:05:55.550 INFO [main] [com.laba.shoppingpackage.Cart.viewCart(Cart.java:55)] - Viewing Cart
2023-05-08 06:05:55.582 INFO [main] [com.laba.mainpackage.Main.main(Main.java:49)] - Card number should be 16 digits
2023-05-08 06:05:55.582 WARN [main] [com.laba.mainpackage.Main.main(Main.java:53)] - Warning
2023-05-08 06:07:28.990 INFO [main] [com.laba.shoppingpackage.Seller.login(Seller.java:65)] - 1 logged in successfully.
2023-05-08 06:07:28.993 INFO [main] [com.laba.shoppingpackage.Seller.addProducts(Seller.java:85)] - New product object created
2023-05-08 06:07:28.993 INFO [main] [com.laba.shoppingpackage.Seller.addProducts(Seller.java:85)] - New product object created
2023-05-08 06:07:28.995 INFO [main] [com.laba.shoppingpackage.Customer.<init>(Customer.java:24)] - Customer object created
2023-05-08 06:07:29.007 INFO [main] [com.laba.shoppingpackage.Customer.login(Customer.java:65)] - Customer 0 login attempt
2023-05-08 06:07:29.008 INFO [main] [com.laba.shoppingpackage.Customer.login(Customer.java:73)] - Customer 0 - logged in successfully
2023-05-08 06:07:29.009 INFO [main] [com.laba.shoppingpackage.Admin.login(Admin.java:32)] - Admin 1 login attempt
2023-05-08 06:07:29.010 INFO [main] [com.laba.shoppingpackage.Admin.login(Admin.java:39)] - Admin 1 - logged in successfully
2023-05-08 06:07:29.019 INFO [main] [com.laba.shoppingpackage.Cart.<init>(Cart.java:28)] - Cart object created
2023-05-08 06:07:29.020 INFO [main] [com.laba.shoppingpackage.Cart.addProductsToCart(Cart.java:32)] - Product added to cart
2023-05-08 06:07:29.027 INFO [main] [com.laba.shoppingpackage.Cart.<init>(Cart.java:28)] - Cart object created
2023-05-08 06:07:29.027 INFO [main] [com.laba.shoppingpackage.Cart.addProductsToCart(Cart.java:32)] - Product added to cart
2023-05-08 06:07:29.028 INFO [main] [com.laba.shoppingpackage.Cart.<init>(Cart.java:28)] - Cart object created
2023-05-08 06:07:29.029 INFO [main] [com.laba.shoppingpackage.Cart.addProductsToCart(Cart.java:32)] - Product added to cart
2023-05-08 06:07:29.030 INFO [main] [com.laba.shoppingpackage.Cart.viewCart(Cart.java:56)] - Viewing Cart
2023-05-08 06:07:29.044 INFO [main] [com.laba.shoppingpackage.Cart.<init>(Cart.java:28)] - Cart object created
2023-05-08 06:07:29.049 INFO [main] [com.laba.mainpackage.Main.main(Main.java:49)] - Card number should be 16 digits
2023-05-08 06:07:29.050 WARN [main] [com.laba.mainpackage.Main.main(Main.java:53)] - Warning
2023-05-08 06:12:04.025 INFO [main] [com.laba.shoppingpackage.Seller.login(Seller.java:65)] - 1 logged in successfully.
2023-05-08 06:12:04.030 INFO [main] [com.laba.shoppingpackage.Seller.addProducts(Seller.java:85)] - New product object created
2023-05-08 06:12:04.030 INFO [main] [com.laba.shoppingpackage.Seller.addProducts(Seller.java:85)] - New product object created
2023-05-08 06:12:04.032 INFO [main] [com.laba.shoppingpackage.Customer.<init>(Customer.java:24)] - Customer object created
2023-05-08 06:12:04.044 INFO [main] [com.laba.shoppingpackage.Customer.login(Customer.java:65)] - Customer 0 login attempt
2023-05-08 06:12:04.045 INFO [main] [com.laba.shoppingpackage.Customer.login(Customer.java:73)] - Customer 0 - logged in successfully
2023-05-08 06:12:04.047 INFO [main] [com.laba.shoppingpackage.Admin.login(Admin.java:32)] - Admin 1 login attempt
2023-05-08 06:12:04.047 INFO [main] [com.laba.shoppingpackage.Admin.login(Admin.java:39)] - Admin 1 - logged in successfully
2023-05-08 06:12:04.056 INFO [main] [com.laba.shoppingpackage.Cart.<init>(Cart.java:28)] - Cart object created
2023-05-08 06:12:04.057 INFO [main] [com.laba.shoppingpackage.Cart.addProductsToCart(Cart.java:32)] - Product added to cart
2023-05-08 06:12:04.061 INFO [main] [com.laba.shoppingpackage.Cart.<init>(Cart.java:28)] - Cart object created
2023-05-08 06:12:04.062 INFO [main] [com.laba.shoppingpackage.Cart.addProductsToCart(Cart.java:32)] - Product added to cart
2023-05-08 06:12:04.063 INFO [main] [com.laba.shoppingpackage.Cart.<init>(Cart.java:28)] - Cart object created
2023-05-08 06:12:04.063 INFO [main] [com.laba.shoppingpackage.Cart.addProductsToCart(Cart.java:32)] - Product added to cart
2023-05-08 06:12:04.065 INFO [main] [com.laba.shoppingpackage.Cart.viewCart(Cart.java:56)] - Viewing Cart
2023-05-08 06:13:32.846 INFO [main] [com.laba.shoppingpackage.Seller.login(Seller.java:65)] - 1 logged in successfully.
2023-05-08 06:13:32.852 INFO [main] [com.laba.shoppingpackage.Seller.addProducts(Seller.java:85)] - New product object created
2023-05-08 06:13:32.852 INFO [main] [com.laba.shoppingpackage.Seller.addProducts(Seller.java:85)] - New product object created
2023-05-08 06:13:32.853 INFO [main] [com.laba.shoppingpackage.Customer.<init>(Customer.java:24)] - Customer object created
2023-05-08 06:13:32.865 INFO [main] [com.laba.shoppingpackage.Customer.login(Customer.java:65)] - Customer 0 login attempt
2023-05-08 06:13:32.866 INFO [main] [com.laba.shoppingpackage.Customer.login(Customer.java:73)] - Customer 0 - logged in successfully
2023-05-08 06:13:32.867 INFO [main] [com.laba.shoppingpackage.Admin.login(Admin.java:32)] - Admin 1 login attempt
2023-05-08 06:13:32.868 INFO [main] [com.laba.shoppingpackage.Admin.login(Admin.java:39)] - Admin 1 - logged in successfully
2023-05-08 06:13:32.877 INFO [main] [com.laba.shoppingpackage.Cart.<init>(Cart.java:28)] - Cart object created
2023-05-08 06:13:32.878 INFO [main] [com.laba.shoppingpackage.Cart.addProductsToCart(Cart.java:32)] - Product added to cart
2023-05-08 06:13:32.882 INFO [main] [com.laba.shoppingpackage.Cart.<init>(Cart.java:28)] - Cart object created
2023-05-08 06:13:32.882 INFO [main] [com.laba.shoppingpackage.Cart.addProductsToCart(Cart.java:32)] - Product added to cart
2023-05-08 06:13:32.883 INFO [main] [com.laba.shoppingpackage.Cart.<init>(Cart.java:28)] - Cart object created
2023-05-08 06:13:32.884 INFO [main] [com.laba.shoppingpackage.Cart.addProductsToCart(Cart.java:32)] - Product added to cart
2023-05-08 06:13:32.885 INFO [main] [com.laba.shoppingpackage.Cart.viewCart(Cart.java:56)] - Viewing Cart
2023-05-08 06:13:32.910 INFO [main] [com.laba.mainpackage.Main.main(Main.java:49)] - Card number should be 16 digits
2023-05-08 06:13:32.910 WARN [main] [com.laba.mainpackage.Main.main(Main.java:53)] - Warning
2023-05-08 06:14:48.114 INFO [main] [com.laba.shoppingpackage.Seller.login(Seller.java:65)] - 1 logged in successfully.
2023-05-08 06:14:48.118 INFO [main] [com.laba.shoppingpackage.Seller.addProducts(Seller.java:85)] - New product object created
2023-05-08 06:14:48.118 INFO [main] [com.laba.shoppingpackage.Seller.addProducts(Seller.java:85)] - New product object created
2023-05-08 06:14:48.120 INFO [main] [com.laba.shoppingpackage.Customer.<init>(Customer.java:24)] - Customer object created
2023-05-08 06:14:48.133 INFO [main] [com.laba.shoppingpackage.Customer.login(Customer.java:65)] - Customer 0 login attempt
2023-05-08 06:14:48.134 INFO [main] [com.laba.shoppingpackage.Customer.login(Customer.java:73)] - Customer 0 - logged in successfully
2023-05-08 06:14:48.136 INFO [main] [com.laba.shoppingpackage.Admin.login(Admin.java:32)] - Admin 1 login attempt
2023-05-08 06:14:48.136 INFO [main] [com.laba.shoppingpackage.Admin.login(Admin.java:39)] - Admin 1 - logged in successfully
2023-05-08 06:14:48.146 INFO [main] [com.laba.shoppingpackage.Cart.<init>(Cart.java:28)] - Cart object created
2023-05-08 06:14:48.147 INFO [main] [com.laba.shoppingpackage.Cart.addProductsToCart(Cart.java:32)] - Product added to cart
2023-05-08 06:14:48.152 INFO [main] [com.laba.shoppingpackage.Cart.<init>(Cart.java:28)] - Cart object created
2023-05-08 06:14:48.153 INFO [main] [com.laba.shoppingpackage.Cart.addProductsToCart(Cart.java:32)] - Product added to cart
2023-05-08 06:14:48.154 INFO [main] [com.laba.shoppingpackage.Cart.<init>(Cart.java:28)] - Cart object created
2023-05-08 06:14:48.155 INFO [main] [com.laba.shoppingpackage.Cart.addProductsToCart(Cart.java:32)] - Product added to cart
2023-05-08 06:14:48.156 INFO [main] [com.laba.shoppingpackage.Cart.viewCart(Cart.java:56)] - Viewing Cart
2023-05-08 06:14:48.181 INFO [main] [com.laba.mainpackage.Main.main(Main.java:49)] - Card number should be 16 digits
2023-05-08 06:14:48.181 WARN [main] [com.laba.mainpackage.Main.main(Main.java:53)] - Warning
2023-05-08 06:15:41.278 INFO [main] [com.laba.shoppingpackage.Seller.login(Seller.java:65)] - 1 logged in successfully.
2023-05-08 06:15:41.284 INFO [main] [com.laba.shoppingpackage.Seller.addProducts(Seller.java:85)] - New product object created
2023-05-08 06:15:41.284 INFO [main] [com.laba.shoppingpackage.Seller.addProducts(Seller.java:85)] - New product object created
2023-05-08 06:15:41.286 INFO [main] [com.laba.shoppingpackage.Customer.<init>(Customer.java:24)] - Customer object created
2023-05-08 06:15:41.299 INFO [main] [com.laba.shoppingpackage.Customer.login(Customer.java:65)] - Customer 0 login attempt
2023-05-08 06:15:41.299 INFO [main] [com.laba.shoppingpackage.Customer.login(Customer.java:73)] - Customer 0 - logged in successfully
2023-05-08 06:15:41.302 INFO [main] [com.laba.shoppingpackage.Admin.login(Admin.java:32)] - Admin 1 login attempt
2023-05-08 06:15:41.303 INFO [main] [com.laba.shoppingpackage.Admin.login(Admin.java:39)] - Admin 1 - logged in successfully
2023-05-08 06:15:41.311 INFO [main] [com.laba.shoppingpackage.Cart.<init>(Cart.java:28)] - Cart object created
2023-05-08 06:15:41.312 INFO [main] [com.laba.shoppingpackage.Cart.addProductsToCart(Cart.java:32)] - Product added to cart
2023-05-08 06:15:41.318 INFO [main] [com.laba.shoppingpackage.Cart.<init>(Cart.java:28)] - Cart object created
2023-05-08 06:15:41.318 INFO [main] [com.laba.shoppingpackage.Cart.addProductsToCart(Cart.java:32)] - Product added to cart
2023-05-08 06:15:41.319 INFO [main] [com.laba.shoppingpackage.Cart.<init>(Cart.java:28)] - Cart object created
2023-05-08 06:15:41.320 INFO [main] [com.laba.shoppingpackage.Cart.addProductsToCart(Cart.java:32)] - Product added to cart
2023-05-08 06:15:41.321 INFO [main] [com.laba.shoppingpackage.Cart.viewCart(Cart.java:56)] - Viewing Cart
2023-05-08 06:15:41.347 INFO [main] [com.laba.mainpackage.Main.main(Main.java:49)] - Card number should be 16 digits
2023-05-08 06:15:41.347 WARN [main] [com.laba.mainpackage.Main.main(Main.java:53)] - Warning
2023-05-08 06:20:21.127 INFO [main] [com.laba.shoppingpackage.Seller.login(Seller.java:65)] - 1 logged in successfully.
2023-05-08 06:20:21.132 INFO [main] [com.laba.shoppingpackage.Seller.addProducts(Seller.java:85)] - New product object created
2023-05-08 06:20:21.133 INFO [main] [com.laba.shoppingpackage.Seller.addProducts(Seller.java:85)] - New product object created
2023-05-08 06:20:21.134 INFO [main] [com.laba.shoppingpackage.Customer.<init>(Customer.java:24)] - Customer object created
2023-05-08 06:20:21.146 INFO [main] [com.laba.shoppingpackage.Customer.login(Customer.java:65)] - Customer 0 login attempt
2023-05-08 06:20:21.148 INFO [main] [com.laba.shoppingpackage.Customer.login(Customer.java:73)] - Customer 0 - logged in successfully
2023-05-08 06:20:21.149 INFO [main] [com.laba.shoppingpackage.Admin.login(Admin.java:32)] - Admin 1 login attempt
2023-05-08 06:20:21.150 INFO [main] [com.laba.shoppingpackage.Admin.login(Admin.java:39)] - Admin 1 - logged in successfully
2023-05-08 06:20:21.158 INFO [main] [com.laba.shoppingpackage.Cart.<init>(Cart.java:28)] - Cart object created
2023-05-08 06:20:21.158 INFO [main] [com.laba.shoppingpackage.Cart.addProductsToCart(Cart.java:32)] - Product added to cart
2023-05-08 06:20:21.170 INFO [main] [com.laba.shoppingpackage.Cart.<init>(Cart.java:28)] - Cart object created
2023-05-08 06:20:21.171 INFO [main] [com.laba.shoppingpackage.Cart.addProductsToCart(Cart.java:32)] - Product added to cart
2023-05-08 06:20:21.173 INFO [main] [com.laba.shoppingpackage.Cart.<init>(Cart.java:28)] - Cart object created
2023-05-08 06:20:21.174 INFO [main] [com.laba.shoppingpackage.Cart.addProductsToCart(Cart.java:32)] - Product added to cart
2023-05-08 06:20:21.175 INFO [main] [com.laba.shoppingpackage.Cart.viewCart(Cart.java:56)] - Viewing Cart
2023-05-08 06:20:21.199 INFO [main] [com.laba.mainpackage.Main.main(Main.java:49)] - Card number should be 16 digits
2023-05-08 06:20:21.200 WARN [main] [com.laba.mainpackage.Main.main(Main.java:53)] - Warning
2023-05-08 06:21:31.666 INFO [main] [com.laba.shoppingpackage.Seller.login(Seller.java:65)] - 1 logged in successfully.
2023-05-08 06:21:31.669 INFO [main] [com.laba.shoppingpackage.Seller.addProducts(Seller.java:85)] - New product object created
2023-05-08 06:21:31.670 INFO [main] [com.laba.shoppingpackage.Seller.addProducts(Seller.java:85)] - New product object created
2023-05-08 06:21:31.671 INFO [main] [com.laba.shoppingpackage.Customer.<init>(Customer.java:24)] - Customer object created
2023-05-08 06:21:31.683 INFO [main] [com.laba.shoppingpackage.Customer.login(Customer.java:65)] - Customer 0 login attempt
2023-05-08 06:21:31.684 INFO [main] [com.laba.shoppingpackage.Customer.login(Customer.java:73)] - Customer 0 - logged in successfully
2023-05-08 06:21:31.685 INFO [main] [com.laba.shoppingpackage.Admin.login(Admin.java:32)] - Admin 1 login attempt
2023-05-08 06:21:31.686 INFO [main] [com.laba.shoppingpackage.Admin.login(Admin.java:39)] - Admin 1 - logged in successfully
2023-05-08 06:21:31.694 INFO [main] [com.laba.shoppingpackage.Cart.<init>(Cart.java:28)] - Cart object created
2023-05-08 06:21:31.694 INFO [main] [com.laba.shoppingpackage.Cart.addProductsToCart(Cart.java:32)] - Product added to cart
2023-05-08 06:21:31.700 INFO [main] [com.laba.shoppingpackage.Cart.<init>(Cart.java:28)] - Cart object created
2023-05-08 06:21:31.700 INFO [main] [com.laba.shoppingpackage.Cart.addProductsToCart(Cart.java:32)] - Product added to cart
2023-05-08 06:21:31.701 INFO [main] [com.laba.shoppingpackage.Cart.<init>(Cart.java:28)] - Cart object created
2023-05-08 06:21:31.702 INFO [main] [com.laba.shoppingpackage.Cart.addProductsToCart(Cart.java:32)] - Product added to cart
2023-05-08 06:21:31.703 INFO [main] [com.laba.shoppingpackage.Cart.viewCart(Cart.java:56)] - Viewing Cart
2023-05-08 06:21:31.711 INFO [main] [com.laba.mainpackage.Main.main(Main.java:49)] - Card number should be 16 digits
2023-05-08 06:21:31.711 WARN [main] [com.laba.mainpackage.Main.main(Main.java:53)] - Warning
2023-05-08 06:34:20.173 INFO [main] [com.laba.shoppingpackage.Seller.login(Seller.java:65)] - 1 logged in successfully.
2023-05-08 06:34:20.178 INFO [main] [com.laba.shoppingpackage.Seller.addProducts(Seller.java:85)] - New product object created
2023-05-08 06:34:20.178 INFO [main] [com.laba.shoppingpackage.Seller.addProducts(Seller.java:85)] - New product object created
2023-05-08 06:34:20.180 INFO [main] [com.laba.shoppingpackage.Customer.<init>(Customer.java:24)] - Customer object created
2023-05-08 06:34:20.193 INFO [main] [com.laba.shoppingpackage.Customer.login(Customer.java:65)] - Customer 0 login attempt
2023-05-08 06:34:20.194 INFO [main] [com.laba.shoppingpackage.Customer.login(Customer.java:73)] - Customer 0 - logged in successfully
2023-05-08 06:34:20.196 INFO [main] [com.laba.shoppingpackage.Admin.login(Admin.java:32)] - Admin 1 login attempt
2023-05-08 06:34:20.197 INFO [main] [com.laba.shoppingpackage.Admin.login(Admin.java:39)] - Admin 1 - logged in successfully
2023-05-08 06:34:20.207 INFO [main] [com.laba.shoppingpackage.Cart.<init>(Cart.java:28)] - Cart object created
2023-05-08 06:34:20.208 INFO [main] [com.laba.shoppingpackage.Cart.addProductsToCart(Cart.java:32)] - Product added to cart
2023-05-08 06:34:20.213 INFO [main] [com.laba.shoppingpackage.Cart.<init>(Cart.java:28)] - Cart object created
2023-05-08 06:34:20.214 INFO [main] [com.laba.shoppingpackage.Cart.addProductsToCart(Cart.java:32)] - Product added to cart
2023-05-08 06:34:20.215 INFO [main] [com.laba.shoppingpackage.Cart.<init>(Cart.java:28)] - Cart object created
2023-05-08 06:34:20.215 INFO [main] [com.laba.shoppingpackage.Cart.addProductsToCart(Cart.java:32)] - Product added to cart
2023-05-08 06:34:20.217 INFO [main] [com.laba.shoppingpackage.Cart.viewCart(Cart.java:56)] - Viewing Cart
2023-05-08 06:34:20.224 INFO [main] [com.laba.mainpackage.Main.main(Main.java:49)] - Card number should be 16 digits
2023-05-08 06:34:20.224 WARN [main] [com.laba.mainpackage.Main.main(Main.java:53)] - Warning
2023-05-08 06:37:05.828 INFO [main] [com.laba.shoppingpackage.Seller.login(Seller.java:65)] - 1 logged in successfully.
2023-05-08 06:37:05.832 INFO [main] [com.laba.shoppingpackage.Seller.addProducts(Seller.java:85)] - New product object created
2023-05-08 06:37:05.832 INFO [main] [com.laba.shoppingpackage.Seller.addProducts(Seller.java:85)] - New product object created
2023-05-08 06:37:05.834 INFO [main] [com.laba.shoppingpackage.Customer.<init>(Customer.java:24)] - Customer object created
2023-05-08 06:37:05.851 INFO [main] [com.laba.shoppingpackage.Customer.login(Customer.java:65)] - Customer 0 login attempt
2023-05-08 06:37:05.853 INFO [main] [com.laba.shoppingpackage.Customer.login(Customer.java:73)] - Customer 0 - logged in successfully
2023-05-08 06:37:05.855 INFO [main] [com.laba.shoppingpackage.Admin.login(Admin.java:32)] - Admin 1 login attempt
2023-05-08 06:37:05.857 INFO [main] [com.laba.shoppingpackage.Admin.login(Admin.java:39)] - Admin 1 - logged in successfully
2023-05-08 06:37:05.868 INFO [main] [com.laba.shoppingpackage.Cart.<init>(Cart.java:28)] - Cart object created
2023-05-08 06:37:05.869 INFO [main] [com.laba.shoppingpackage.Cart.addProductsToCart(Cart.java:32)] - Product added to cart
2023-05-08 06:37:05.874 INFO [main] [com.laba.shoppingpackage.Cart.<init>(Cart.java:28)] - Cart object created
2023-05-08 06:37:05.875 INFO [main] [com.laba.shoppingpackage.Cart.addProductsToCart(Cart.java:32)] - Product added to cart
2023-05-08 06:37:05.876 INFO [main] [com.laba.shoppingpackage.Cart.<init>(Cart.java:28)] - Cart object created
2023-05-08 06:37:05.876 INFO [main] [com.laba.shoppingpackage.Cart.addProductsToCart(Cart.java:32)] - Product added to cart
2023-05-08 06:37:05.878 INFO [main] [com.laba.shoppingpackage.Cart.viewCart(Cart.java:56)] - Viewing Cart
2023-05-08 06:37:05.886 INFO [main] [com.laba.mainpackage.Main.main(Main.java:49)] - Card number should be 16 digits
2023-05-08 06:37:05.886 WARN [main] [com.laba.mainpackage.Main.main(Main.java:53)] - Warning
2023-05-08 06:38:50.202 INFO [main] [com.laba.shoppingpackage.Seller.login(Seller.java:65)] - 1 logged in successfully.
2023-05-08 06:38:50.206 INFO [main] [com.laba.shoppingpackage.Seller.addProducts(Seller.java:85)] - New product object created
2023-05-08 06:38:50.207 INFO [main] [com.laba.shoppingpackage.Seller.addProducts(Seller.java:85)] - New product object created
2023-05-08 06:38:50.208 INFO [main] [com.laba.shoppingpackage.Customer.<init>(Customer.java:24)] - Customer object created
2023-05-08 06:38:50.221 INFO [main] [com.laba.shoppingpackage.Customer.login(Customer.java:65)] - Customer 0 login attempt
2023-05-08 06:38:50.221 INFO [main] [com.laba.shoppingpackage.Customer.login(Customer.java:73)] - Customer 0 - logged in successfully
2023-05-08 06:38:50.223 INFO [main] [com.laba.shoppingpackage.Admin.login(Admin.java:32)] - Admin 1 login attempt
2023-05-08 06:38:50.224 INFO [main] [com.laba.shoppingpackage.Admin.login(Admin.java:39)] - Admin 1 - logged in successfully
2023-05-08 06:38:50.231 INFO [main] [com.laba.shoppingpackage.Cart.<init>(Cart.java:28)] - Cart object created
2023-05-08 06:38:50.232 INFO [main] [com.laba.shoppingpackage.Cart.addProductsToCart(Cart.java:32)] - Product added to cart
2023-05-08 06:38:50.237 INFO [main] [com.laba.shoppingpackage.Cart.<init>(Cart.java:28)] - Cart object created
2023-05-08 06:38:50.238 INFO [main] [com.laba.shoppingpackage.Cart.addProductsToCart(Cart.java:32)] - Product added to cart
2023-05-08 06:38:50.239 INFO [main] [com.laba.shoppingpackage.Cart.<init>(Cart.java:28)] - Cart object created
2023-05-08 06:38:50.239 INFO [main] [com.laba.shoppingpackage.Cart.addProductsToCart(Cart.java:32)] - Product added to cart
2023-05-08 06:38:50.241 INFO [main] [com.laba.shoppingpackage.Cart.viewCart(Cart.java:56)] - Viewing Cart
2023-05-08 06:38:50.256 INFO [main] [com.laba.mainpackage.Main.main(Main.java:49)] - Card number should be 16 digits
2023-05-08 06:38:50.257 WARN [main] [com.laba.mainpackage.Main.main(Main.java:53)] - Warning
2023-05-08 06:44:22.428 INFO [main] [com.laba.shoppingpackage.Seller.login(Seller.java:65)] - 1 logged in successfully.
2023-05-08 06:44:22.432 INFO [main] [com.laba.shoppingpackage.Seller.addProducts(Seller.java:85)] - New product object created
2023-05-08 06:44:22.432 INFO [main] [com.laba.shoppingpackage.Seller.addProducts(Seller.java:85)] - New product object created
2023-05-08 06:44:22.434 INFO [main] [com.laba.shoppingpackage.Customer.<init>(Customer.java:24)] - Customer object created
2023-05-08 06:44:22.447 INFO [main] [com.laba.shoppingpackage.Customer.login(Customer.java:65)] - Customer 0 login attempt
2023-05-08 06:44:22.448 INFO [main] [com.laba.shoppingpackage.Customer.login(Customer.java:73)] - Customer 0 - logged in successfully
2023-05-08 06:44:22.449 INFO [main] [com.laba.shoppingpackage.Admin.login(Admin.java:32)] - Admin 1 login attempt
2023-05-08 06:44:22.450 INFO [main] [com.laba.shoppingpackage.Admin.login(Admin.java:39)] - Admin 1 - logged in successfully
2023-05-08 06:44:22.465 INFO [main] [com.laba.shoppingpackage.Cart.<init>(Cart.java:29)] - Cart object created
2023-05-08 06:44:22.466 INFO [main] [com.laba.shoppingpackage.Cart.addProductsToCart(Cart.java:33)] - Product added to cart
2023-05-08 06:44:22.472 INFO [main] [com.laba.shoppingpackage.Cart.<init>(Cart.java:29)] - Cart object created
2023-05-08 06:44:22.473 INFO [main] [com.laba.shoppingpackage.Cart.addProductsToCart(Cart.java:33)] - Product added to cart
2023-05-08 06:44:22.474 INFO [main] [com.laba.shoppingpackage.Cart.<init>(Cart.java:29)] - Cart object created
2023-05-08 06:44:22.474 INFO [main] [com.laba.shoppingpackage.Cart.addProductsToCart(Cart.java:33)] - Product added to cart
2023-05-08 06:44:22.476 INFO [main] [com.laba.shoppingpackage.Cart.viewCart(Cart.java:61)] - Viewing Cart
2023-05-08 06:44:22.495 INFO [main] [com.laba.mainpackage.Main.main(Main.java:49)] - Card number should be 16 digits
2023-05-08 06:44:22.495 WARN [main] [com.laba.mainpackage.Main.main(Main.java:53)] - Warning
2023-05-08 06:44:40.014 INFO [main] [com.laba.shoppingpackage.Seller.login(Seller.java:65)] - 1 logged in successfully.
2023-05-08 06:44:40.019 INFO [main] [com.laba.shoppingpackage.Seller.addProducts(Seller.java:85)] - New product object created
2023-05-08 06:44:40.020 INFO [main] [com.laba.shoppingpackage.Seller.addProducts(Seller.java:85)] - New product object created
2023-05-08 06:44:40.021 INFO [main] [com.laba.shoppingpackage.Customer.<init>(Customer.java:24)] - Customer object created
2023-05-08 06:44:40.035 INFO [main] [com.laba.shoppingpackage.Customer.login(Customer.java:65)] - Customer 0 login attempt
2023-05-08 06:44:40.036 INFO [main] [com.laba.shoppingpackage.Customer.login(Customer.java:73)] - Customer 0 - logged in successfully
2023-05-08 06:44:40.036 INFO [main] [com.laba.shoppingpackage.Admin.login(Admin.java:32)] - Admin 1 login attempt
2023-05-08 06:44:40.037 INFO [main] [com.laba.shoppingpackage.Admin.login(Admin.java:39)] - Admin 1 - logged in successfully
2023-05-08 06:44:40.046 INFO [main] [com.laba.shoppingpackage.Cart.<init>(Cart.java:29)] - Cart object created
2023-05-08 06:44:40.046 INFO [main] [com.laba.shoppingpackage.Cart.addProductsToCart(Cart.java:33)] - Product added to cart
2023-05-08 06:44:40.051 INFO [main] [com.laba.shoppingpackage.Cart.<init>(Cart.java:29)] - Cart object created
2023-05-08 06:44:40.052 INFO [main] [com.laba.shoppingpackage.Cart.addProductsToCart(Cart.java:33)] - Product added to cart
2023-05-08 06:44:40.053 INFO [main] [com.laba.shoppingpackage.Cart.<init>(Cart.java:29)] - Cart object created
2023-05-08 06:44:40.053 INFO [main] [com.laba.shoppingpackage.Cart.addProductsToCart(Cart.java:33)] - Product added to cart
2023-05-08 06:44:40.055 INFO [main] [com.laba.shoppingpackage.Cart.viewCart(Cart.java:61)] - Viewing Cart
2023-05-08 06:44:40.076 INFO [main] [com.laba.mainpackage.Main.main(Main.java:49)] - Card number should be 16 digits
2023-05-08 06:44:40.076 WARN [main] [com.laba.mainpackage.Main.main(Main.java:53)] - Warning
2023-05-08 06:45:35.492 INFO [main] [com.laba.shoppingpackage.Seller.login(Seller.java:65)] - 1 logged in successfully.
2023-05-08 06:45:35.496 INFO [main] [com.laba.shoppingpackage.Seller.addProducts(Seller.java:85)] - New product object created
2023-05-08 06:45:35.497 INFO [main] [com.laba.shoppingpackage.Seller.addProducts(Seller.java:85)] - New product object created
2023-05-08 06:45:35.498 INFO [main] [com.laba.shoppingpackage.Customer.<init>(Customer.java:24)] - Customer object created
2023-05-08 06:45:35.511 INFO [main] [com.laba.shoppingpackage.Customer.login(Customer.java:65)] - Customer 0 login attempt
2023-05-08 06:45:35.512 INFO [main] [com.laba.shoppingpackage.Customer.login(Customer.java:73)] - Customer 0 - logged in successfully
2023-05-08 06:45:35.513 INFO [main] [com.laba.shoppingpackage.Admin.login(Admin.java:32)] - Admin 1 login attempt
2023-05-08 06:45:35.514 INFO [main] [com.laba.shoppingpackage.Admin.login(Admin.java:39)] - Admin 1 - logged in successfully
2023-05-08 06:45:35.522 INFO [main] [com.laba.shoppingpackage.Cart.<init>(Cart.java:29)] - Cart object created
2023-05-08 06:45:35.523 INFO [main] [com.laba.shoppingpackage.Cart.addProductsToCart(Cart.java:33)] - Product added to cart
2023-05-08 06:45:35.528 INFO [main] [com.laba.shoppingpackage.Cart.<init>(Cart.java:29)] - Cart object created
2023-05-08 06:45:35.528 INFO [main] [com.laba.shoppingpackage.Cart.addProductsToCart(Cart.java:33)] - Product added to cart
2023-05-08 06:45:35.529 INFO [main] [com.laba.shoppingpackage.Cart.<init>(Cart.java:29)] - Cart object created
2023-05-08 06:45:35.530 INFO [main] [com.laba.shoppingpackage.Cart.addProductsToCart(Cart.java:33)] - Product added to cart
2023-05-08 06:45:35.531 INFO [main] [com.laba.shoppingpackage.Cart.viewCart(Cart.java:61)] - Viewing Cart
2023-05-08 06:45:35.550 INFO [main] [com.laba.mainpackage.Main.main(Main.java:49)] - Card number should be 16 digits
2023-05-08 06:45:35.550 WARN [main] [com.laba.mainpackage.Main.main(Main.java:53)] - Warning
2023-05-08 06:52:51.916 INFO [main] [com.laba.shoppingpackage.Seller.login(Seller.java:65)] - 1 logged in successfully.
2023-05-08 06:52:51.921 INFO [main] [com.laba.shoppingpackage.Seller.addProducts(Seller.java:85)] - New product object created
2023-05-08 06:52:51.922 INFO [main] [com.laba.shoppingpackage.Seller.addProducts(Seller.java:85)] - New product object created
2023-05-08 06:52:51.923 INFO [main] [com.laba.shoppingpackage.Customer.<init>(Customer.java:24)] - Customer object created
2023-05-08 06:52:51.938 INFO [main] [com.laba.shoppingpackage.Customer.login(Customer.java:65)] - Customer 0 login attempt
2023-05-08 06:52:51.939 INFO [main] [com.laba.shoppingpackage.Customer.login(Customer.java:73)] - Customer 0 - logged in successfully
2023-05-08 06:52:51.941 INFO [main] [com.laba.shoppingpackage.Admin.login(Admin.java:32)] - Admin 1 login attempt
2023-05-08 06:52:51.942 INFO [main] [com.laba.shoppingpackage.Admin.login(Admin.java:39)] - Admin 1 - logged in successfully
2023-05-08 06:52:51.952 INFO [main] [com.laba.shoppingpackage.Cart.<init>(Cart.java:29)] - Cart object created
2023-05-08 06:52:51.953 INFO [main] [com.laba.shoppingpackage.Cart.addProductsToCart(Cart.java:33)] - Product added to cart
2023-05-08 06:52:51.958 INFO [main] [com.laba.shoppingpackage.Cart.<init>(Cart.java:29)] - Cart object created
2023-05-08 06:52:51.959 INFO [main] [com.laba.shoppingpackage.Cart.addProductsToCart(Cart.java:33)] - Product added to cart
2023-05-08 06:52:51.960 INFO [main] [com.laba.shoppingpackage.Cart.<init>(Cart.java:29)] - Cart object created
2023-05-08 06:52:51.960 INFO [main] [com.laba.shoppingpackage.Cart.addProductsToCart(Cart.java:33)] - Product added to cart
2023-05-08 06:52:51.962 INFO [main] [com.laba.shoppingpackage.Cart.viewCart(Cart.java:59)] - Viewing Cart
2023-05-08 06:52:51.980 INFO [main] [com.laba.mainpackage.Main.main(Main.java:49)] - Card number should be 16 digits
2023-05-08 06:52:51.980 WARN [main] [com.laba.mainpackage.Main.main(Main.java:53)] - Warning
2023-05-08 06:53:59.563 INFO [main] [com.laba.shoppingpackage.Seller.login(Seller.java:65)] - 1 logged in successfully.
2023-05-08 06:53:59.568 INFO [main] [com.laba.shoppingpackage.Seller.addProducts(Seller.java:85)] - New product object created
2023-05-08 06:53:59.568 INFO [main] [com.laba.shoppingpackage.Seller.addProducts(Seller.java:85)] - New product object created
2023-05-08 06:53:59.570 INFO [main] [com.laba.shoppingpackage.Customer.<init>(Customer.java:24)] - Customer object created
2023-05-08 06:53:59.581 INFO [main] [com.laba.shoppingpackage.Customer.login(Customer.java:65)] - Customer 0 login attempt
2023-05-08 06:53:59.582 INFO [main] [com.laba.shoppingpackage.Customer.login(Customer.java:73)] - Customer 0 - logged in successfully
2023-05-08 06:53:59.583 INFO [main] [com.laba.shoppingpackage.Admin.login(Admin.java:32)] - Admin 1 login attempt
2023-05-08 06:53:59.584 INFO [main] [com.laba.shoppingpackage.Admin.login(Admin.java:39)] - Admin 1 - logged in successfully
2023-05-08 06:53:59.591 INFO [main] [com.laba.shoppingpackage.Cart.<init>(Cart.java:29)] - Cart object created
2023-05-08 06:53:59.591 INFO [main] [com.laba.shoppingpackage.Cart.addProductsToCart(Cart.java:33)] - Product added to cart
2023-05-08 06:53:59.596 INFO [main] [com.laba.shoppingpackage.Cart.<init>(Cart.java:29)] - Cart object created
2023-05-08 06:53:59.597 INFO [main] [com.laba.shoppingpackage.Cart.addProductsToCart(Cart.java:33)] - Product added to cart
2023-05-08 06:53:59.597 INFO [main] [com.laba.shoppingpackage.Cart.<init>(Cart.java:29)] - Cart object created
2023-05-08 06:53:59.598 INFO [main] [com.laba.shoppingpackage.Cart.addProductsToCart(Cart.java:33)] - Product added to cart
2023-05-08 06:53:59.599 INFO [main] [com.laba.shoppingpackage.Cart.viewCart(Cart.java:59)] - Viewing Cart
2023-05-08 06:53:59.620 INFO [main] [com.laba.mainpackage.Main.main(Main.java:49)] - Card number should be 16 digits
2023-05-08 06:53:59.621 WARN [main] [com.laba.mainpackage.Main.main(Main.java:53)] - Warning
2023-05-08 06:55:03.925 INFO [main] [com.laba.shoppingpackage.Seller.login(Seller.java:65)] - 1 logged in successfully.
2023-05-08 06:55:03.931 INFO [main] [com.laba.shoppingpackage.Seller.addProducts(Seller.java:85)] - New product object created
2023-05-08 06:55:03.932 INFO [main] [com.laba.shoppingpackage.Seller.addProducts(Seller.java:85)] - New product object created
2023-05-08 06:55:03.933 INFO [main] [com.laba.shoppingpackage.Customer.<init>(Customer.java:24)] - Customer object created
2023-05-08 06:55:03.946 INFO [main] [com.laba.shoppingpackage.Customer.login(Customer.java:65)] - Customer 0 login attempt
2023-05-08 06:55:03.947 INFO [main] [com.laba.shoppingpackage.Customer.login(Customer.java:73)] - Customer 0 - logged in successfully
2023-05-08 06:55:03.948 INFO [main] [com.laba.shoppingpackage.Admin.login(Admin.java:32)] - Admin 1 login attempt
2023-05-08 06:55:03.949 INFO [main] [com.laba.shoppingpackage.Admin.login(Admin.java:39)] - Admin 1 - logged in successfully
2023-05-08 06:55:03.957 INFO [main] [com.laba.shoppingpackage.Cart.<init>(Cart.java:29)] - Cart object created
2023-05-08 06:55:03.958 INFO [main] [com.laba.shoppingpackage.Cart.addProductsToCart(Cart.java:33)] - Product added to cart
2023-05-08 06:55:03.962 INFO [main] [com.laba.shoppingpackage.Cart.<init>(Cart.java:29)] - Cart object created
2023-05-08 06:55:03.963 INFO [main] [com.laba.shoppingpackage.Cart.addProductsToCart(Cart.java:33)] - Product added to cart
2023-05-08 06:55:03.964 INFO [main] [com.laba.shoppingpackage.Cart.<init>(Cart.java:29)] - Cart object created
2023-05-08 06:55:03.964 INFO [main] [com.laba.shoppingpackage.Cart.addProductsToCart(Cart.java:33)] - Product added to cart
2023-05-08 06:55:03.966 INFO [main] [com.laba.shoppingpackage.Cart.viewCart(Cart.java:59)] - Viewing Cart
2023-05-08 06:55:03.984 INFO [main] [com.laba.mainpackage.Main.main(Main.java:49)] - Card number should be 16 digits
2023-05-08 06:55:03.985 WARN [main] [com.laba.mainpackage.Main.main(Main.java:53)] - Warning
2023-05-08 06:56:04.535 INFO [main] [com.laba.shoppingpackage.Seller.login(Seller.java:65)] - 1 logged in successfully.
2023-05-08 06:56:04.540 INFO [main] [com.laba.shoppingpackage.Seller.addProducts(Seller.java:85)] - New product object created
2023-05-08 06:56:04.540 INFO [main] [com.laba.shoppingpackage.Seller.addProducts(Seller.java:85)] - New product object created
2023-05-08 06:56:04.541 INFO [main] [com.laba.shoppingpackage.Customer.<init>(Customer.java:24)] - Customer object created
2023-05-08 06:56:04.556 INFO [main] [com.laba.shoppingpackage.Customer.login(Customer.java:65)] - Customer 0 login attempt
2023-05-08 06:56:04.557 INFO [main] [com.laba.shoppingpackage.Customer.login(Customer.java:73)] - Customer 0 - logged in successfully
2023-05-08 06:56:04.558 INFO [main] [com.laba.shoppingpackage.Admin.login(Admin.java:32)] - Admin 1 login attempt
2023-05-08 06:56:04.559 INFO [main] [com.laba.shoppingpackage.Admin.login(Admin.java:39)] - Admin 1 - logged in successfully
2023-05-08 06:56:04.566 INFO [main] [com.laba.shoppingpackage.Cart.<init>(Cart.java:29)] - Cart object created
2023-05-08 06:56:04.567 INFO [main] [com.laba.shoppingpackage.Cart.addProductsToCart(Cart.java:33)] - Product added to cart
2023-05-08 06:56:04.571 INFO [main] [com.laba.shoppingpackage.Cart.<init>(Cart.java:29)] - Cart object created
2023-05-08 06:56:04.572 INFO [main] [com.laba.shoppingpackage.Cart.addProductsToCart(Cart.java:33)] - Product added to cart
2023-05-08 06:56:04.573 INFO [main] [com.laba.shoppingpackage.Cart.<init>(Cart.java:29)] - Cart object created
2023-05-08 06:56:04.573 INFO [main] [com.laba.shoppingpackage.Cart.addProductsToCart(Cart.java:33)] - Product added to cart
2023-05-08 06:56:04.575 INFO [main] [com.laba.shoppingpackage.Cart.viewCart(Cart.java:59)] - Viewing Cart
2023-05-08 06:56:04.595 INFO [main] [com.laba.mainpackage.Main.main(Main.java:49)] - Card number should be 16 digits
2023-05-08 06:56:04.596 WARN [main] [com.laba.mainpackage.Main.main(Main.java:53)] - Warning
2023-05-08 06:56:23.608 INFO [main] [com.laba.shoppingpackage.Seller.login(Seller.java:65)] - 1 logged in successfully.
2023-05-08 06:56:23.613 INFO [main] [com.laba.shoppingpackage.Seller.addProducts(Seller.java:85)] - New product object created
2023-05-08 06:56:23.614 INFO [main] [com.laba.shoppingpackage.Seller.addProducts(Seller.java:85)] - New product object created
2023-05-08 06:56:23.615 INFO [main] [com.laba.shoppingpackage.Customer.<init>(Customer.java:24)] - Customer object created
2023-05-08 06:56:23.630 INFO [main] [com.laba.shoppingpackage.Customer.login(Customer.java:65)] - Customer 0 login attempt
2023-05-08 06:56:23.632 INFO [main] [com.laba.shoppingpackage.Customer.login(Customer.java:73)] - Customer 0 - logged in successfully
2023-05-08 06:56:23.633 INFO [main] [com.laba.shoppingpackage.Admin.login(Admin.java:32)] - Admin 1 login attempt
2023-05-08 06:56:23.634 INFO [main] [com.laba.shoppingpackage.Admin.login(Admin.java:39)] - Admin 1 - logged in successfully
2023-05-08 06:56:23.644 INFO [main] [com.laba.shoppingpackage.Cart.<init>(Cart.java:29)] - Cart object created
2023-05-08 06:56:23.645 INFO [main] [com.laba.shoppingpackage.Cart.addProductsToCart(Cart.java:33)] - Product added to cart
2023-05-08 06:56:23.651 INFO [main] [com.laba.shoppingpackage.Cart.<init>(Cart.java:29)] - Cart object created
2023-05-08 06:56:23.652 INFO [main] [com.laba.shoppingpackage.Cart.addProductsToCart(Cart.java:33)] - Product added to cart
2023-05-08 06:56:23.653 INFO [main] [com.laba.shoppingpackage.Cart.<init>(Cart.java:29)] - Cart object created
2023-05-08 06:56:23.654 INFO [main] [com.laba.shoppingpackage.Cart.addProductsToCart(Cart.java:33)] - Product added to cart
2023-05-08 06:56:23.655 INFO [main] [com.laba.shoppingpackage.Cart.viewCart(Cart.java:59)] - Viewing Cart
2023-05-08 06:56:23.676 INFO [main] [com.laba.mainpackage.Main.main(Main.java:49)] - Card number should be 16 digits
2023-05-08 06:56:23.677 WARN [main] [com.laba.mainpackage.Main.main(Main.java:53)] - Warning
2023-05-08 06:57:49.396 INFO [main] [com.laba.shoppingpackage.Seller.login(Seller.java:65)] - 1 logged in successfully.
2023-05-08 06:57:49.400 INFO [main] [com.laba.shoppingpackage.Seller.addProducts(Seller.java:85)] - New product object created
2023-05-08 06:57:49.401 INFO [main] [com.laba.shoppingpackage.Seller.addProducts(Seller.java:85)] - New product object created
2023-05-08 06:57:49.402 INFO [main] [com.laba.shoppingpackage.Customer.<init>(Customer.java:24)] - Customer object created
2023-05-08 06:57:49.415 INFO [main] [com.laba.shoppingpackage.Customer.login(Customer.java:65)] - Customer 0 login attempt
2023-05-08 06:57:49.416 INFO [main] [com.laba.shoppingpackage.Customer.login(Customer.java:73)] - Customer 0 - logged in successfully
2023-05-08 06:57:49.418 INFO [main] [com.laba.shoppingpackage.Admin.login(Admin.java:32)] - Admin 1 login attempt
2023-05-08 06:57:49.420 INFO [main] [com.laba.shoppingpackage.Admin.login(Admin.java:39)] - Admin 1 - logged in successfully
2023-05-08 06:57:49.428 INFO [main] [com.laba.shoppingpackage.Cart.<init>(Cart.java:29)] - Cart object created
2023-05-08 06:57:49.428 INFO [main] [com.laba.shoppingpackage.Cart.addProductsToCart(Cart.java:33)] - Product added to cart
2023-05-08 06:57:49.434 INFO [main] [com.laba.shoppingpackage.Cart.<init>(Cart.java:29)] - Cart object created
2023-05-08 06:57:49.434 INFO [main] [com.laba.shoppingpackage.Cart.addProductsToCart(Cart.java:33)] - Product added to cart
2023-05-08 06:57:49.436 INFO [main] [com.laba.shoppingpackage.Cart.<init>(Cart.java:29)] - Cart object created
2023-05-08 06:57:49.436 INFO [main] [com.laba.shoppingpackage.Cart.addProductsToCart(Cart.java:33)] - Product added to cart
2023-05-08 06:57:49.438 INFO [main] [com.laba.shoppingpackage.Cart.viewCart(Cart.java:59)] - Viewing Cart
2023-05-08 06:57:49.458 INFO [main] [com.laba.mainpackage.Main.main(Main.java:49)] - Card number should be 16 digits
2023-05-08 06:57:49.459 WARN [main] [com.laba.mainpackage.Main.main(Main.java:53)] - Warning
2023-05-08 06:58:18.701 INFO [main] [com.laba.shoppingpackage.Seller.login(Seller.java:65)] - 1 logged in successfully.
2023-05-08 06:58:18.706 INFO [main] [com.laba.shoppingpackage.Seller.addProducts(Seller.java:85)] - New product object created
2023-05-08 06:58:18.706 INFO [main] [com.laba.shoppingpackage.Seller.addProducts(Seller.java:85)] - New product object created
2023-05-08 06:58:18.708 INFO [main] [com.laba.shoppingpackage.Customer.<init>(Customer.java:24)] - Customer object created
2023-05-08 06:58:18.720 INFO [main] [com.laba.shoppingpackage.Customer.login(Customer.java:65)] - Customer 0 login attempt
2023-05-08 06:58:18.721 INFO [main] [com.laba.shoppingpackage.Customer.login(Customer.java:73)] - Customer 0 - logged in successfully
2023-05-08 06:58:18.723 INFO [main] [com.laba.shoppingpackage.Admin.login(Admin.java:32)] - Admin 1 login attempt
2023-05-08 06:58:18.724 INFO [main] [com.laba.shoppingpackage.Admin.login(Admin.java:39)] - Admin 1 - logged in successfully
2023-05-08 06:58:18.731 INFO [main] [com.laba.shoppingpackage.Cart.<init>(Cart.java:29)] - Cart object created
2023-05-08 06:58:18.732 INFO [main] [com.laba.shoppingpackage.Cart.addProductsToCart(Cart.java:33)] - Product added to cart
2023-05-08 06:58:18.736 INFO [main] [com.laba.shoppingpackage.Cart.<init>(Cart.java:29)] - Cart object created
2023-05-08 06:58:18.736 INFO [main] [com.laba.shoppingpackage.Cart.addProductsToCart(Cart.java:33)] - Product added to cart
2023-05-08 06:58:18.737 INFO [main] [com.laba.shoppingpackage.Cart.<init>(Cart.java:29)] - Cart object created
2023-05-08 06:58:18.737 INFO [main] [com.laba.shoppingpackage.Cart.addProductsToCart(Cart.java:33)] - Product added to cart
2023-05-08 06:58:18.739 INFO [main] [com.laba.shoppingpackage.Cart.viewCart(Cart.java:59)] - Viewing Cart
2023-05-08 06:58:18.756 INFO [main] [com.laba.shoppingpackage.CustomerService.makePurchase(CustomerService.java:51)] - Card number format error
2023-05-08 06:58:18.757 INFO [main] [com.laba.shoppingpackage.Payment.<init>(Payment.java:34)] - For input string: "1234124512561238"
2023-05-08 06:58:18.763 INFO [main] [com.laba.mainpackage.Main.main(Main.java:49)] - Card number should be 16 digits
2023-05-08 06:58:18.764 WARN [main] [com.laba.mainpackage.Main.main(Main.java:53)] - Warning
2023-05-09 12:02:03.130 INFO [main] [main.java.com.laba.shoppingpackage.Seller.login(Seller.java:68)] - 1 logged in successfully.
2023-05-09 12:02:03.134 INFO [main] [main.java.com.laba.shoppingpackage.Seller.displayWelcomeMsg(Seller.java:51)] - 1 successfully called displayWelcomeMsg().
2023-05-09 12:02:03.137 INFO [main] [main.java.com.laba.shoppingpackage.Seller.addProducts(Seller.java:94)] - New product object created
2023-05-09 12:02:03.137 INFO [main] [main.java.com.laba.shoppingpackage.Seller.addProducts(Seller.java:94)] - New product object created
2023-05-09 12:02:03.138 INFO [main] [main.java.com.laba.shoppingpackage.Seller.addProducts(Seller.java:94)] - New product object created
2023-05-09 12:02:03.141 INFO [main] [main.java.com.laba.shoppingpackage.Customer.<init>(Customer.java:30)] - Customer object created
2023-05-09 12:02:03.153 INFO [main] [main.java.com.laba.shoppingpackage.Customer.login(Customer.java:84)] - Customer 0 login attempt
2023-05-09 12:02:03.154 INFO [main] [main.java.com.laba.shoppingpackage.Customer.login(Customer.java:92)] - Customer 0 - logged in successfully
2023-05-09 12:02:03.155 INFO [main] [main.java.com.laba.shoppingpackage.Customer.<init>(Customer.java:30)] - Customer object created
2023-05-09 12:02:03.158 INFO [main] [main.java.com.laba.shoppingpackage.Admin.login(Admin.java:33)] - Admin 1 login attempt
2023-05-09 12:02:03.158 INFO [main] [main.java.com.laba.shoppingpackage.Admin.login(Admin.java:40)] - Admin 1 - logged in successfully
2023-05-09 12:02:03.169 INFO [main] [main.java.com.laba.shoppingpackage.Cart.<init>(Cart.java:30)] - Cart object created
2023-05-09 12:02:03.169 INFO [main] [main.java.com.laba.shoppingpackage.Cart.addProductsToCart(Cart.java:34)] - Product added to cart
2023-05-09 12:02:03.174 INFO [main] [main.java.com.laba.shoppingpackage.Cart.<init>(Cart.java:30)] - Cart object created
2023-05-09 12:02:03.174 INFO [main] [main.java.com.laba.shoppingpackage.Cart.addProductsToCart(Cart.java:34)] - Product added to cart
2023-05-09 12:02:03.175 INFO [main] [main.java.com.laba.shoppingpackage.Cart.<init>(Cart.java:30)] - Cart object created
2023-05-09 12:02:03.176 INFO [main] [main.java.com.laba.shoppingpackage.Cart.addProductsToCart(Cart.java:34)] - Product added to cart
2023-05-09 12:02:03.177 INFO [main] [main.java.com.laba.shoppingpackage.Cart.viewCart(Cart.java:63)] - Viewing Cart
2023-05-09 12:02:03.197 INFO [main] [main.java.com.laba.shoppingpackage.CustomerService.makePurchase(CustomerService.java:71)] - Card number format error
2023-05-09 12:02:03.200 INFO [main] [main.java.com.laba.shoppingpackage.Payment.<init>(Payment.java:33)] - For input string: "1234124512561238"
2023-05-09 12:04:02.253 INFO [main] [main.java.com.laba.shoppingpackage.Seller.login(Seller.java:68)] - 1 logged in successfully.
2023-05-09 12:04:02.256 INFO [main] [main.java.com.laba.shoppingpackage.Seller.displayWelcomeMsg(Seller.java:51)] - 1 successfully called displayWelcomeMsg().
2023-05-09 12:04:02.258 INFO [main] [main.java.com.laba.shoppingpackage.Seller.addProducts(Seller.java:94)] - New product object created
2023-05-09 12:04:02.258 INFO [main] [main.java.com.laba.shoppingpackage.Seller.addProducts(Seller.java:94)] - New product object created
2023-05-09 12:04:02.259 INFO [main] [main.java.com.laba.shoppingpackage.Seller.addProducts(Seller.java:94)] - New product object created
2023-05-09 12:04:02.260 INFO [main] [main.java.com.laba.shoppingpackage.Customer.<init>(Customer.java:30)] - Customer object created
2023-05-09 12:04:02.274 INFO [main] [main.java.com.laba.shoppingpackage.Customer.login(Customer.java:84)] - Customer 0 login attempt
2023-05-09 12:04:02.274 INFO [main] [main.java.com.laba.shoppingpackage.Customer.login(Customer.java:92)] - Customer 0 - logged in successfully
2023-05-09 12:04:02.275 INFO [main] [main.java.com.laba.shoppingpackage.Customer.<init>(Customer.java:30)] - Customer object created
2023-05-09 12:04:02.277 INFO [main] [main.java.com.laba.shoppingpackage.Admin.login(Admin.java:33)] - Admin 1 login attempt
2023-05-09 12:04:02.278 INFO [main] [main.java.com.laba.shoppingpackage.Admin.login(Admin.java:40)] - Admin 1 - logged in successfully
2023-05-09 12:04:02.288 INFO [main] [main.java.com.laba.shoppingpackage.Cart.<init>(Cart.java:30)] - Cart object created
2023-05-09 12:04:02.289 INFO [main] [main.java.com.laba.shoppingpackage.Cart.addProductsToCart(Cart.java:34)] - Product added to cart
2023-05-09 12:04:02.298 INFO [main] [main.java.com.laba.shoppingpackage.Cart.<init>(Cart.java:30)] - Cart object created
2023-05-09 12:04:02.299 INFO [main] [main.java.com.laba.shoppingpackage.Cart.addProductsToCart(Cart.java:34)] - Product added to cart
2023-05-09 12:04:02.300 INFO [main] [main.java.com.laba.shoppingpackage.Cart.<init>(Cart.java:30)] - Cart object created
2023-05-09 12:04:02.300 INFO [main] [main.java.com.laba.shoppingpackage.Cart.addProductsToCart(Cart.java:34)] - Product added to cart
2023-05-09 12:04:02.302 INFO [main] [main.java.com.laba.shoppingpackage.Cart.viewCart(Cart.java:63)] - Viewing Cart
2023-05-09 12:04:02.314 INFO [main] [main.java.com.laba.shoppingpackage.CustomerService.makePurchase(CustomerService.java:71)] - Card number format error
2023-05-09 12:04:02.316 INFO [main] [main.java.com.laba.shoppingpackage.Payment.<init>(Payment.java:33)] - For input string: "1234124512561238"
2023-05-19 11:51:43.151 INFO [main] [com.solvd.laba.entities.Seller.login(Seller.java:57)] - 1 logged in successfully.
2023-05-19 11:51:43.157 INFO [main] [com.solvd.laba.entities.Seller.displayWelcomeMsg(Seller.java:45)] - 1 successfully called displayWelcomeMsg().
2023-05-19 11:51:43.162 INFO [main] [com.solvd.laba.services.SellerServices.addProducts(SellerServices.java:25)] - New product object created
2023-05-19 11:51:43.163 INFO [main] [com.solvd.laba.services.SellerServices.addProducts(SellerServices.java:25)] - New product object created
2023-05-19 11:51:43.163 INFO [main] [com.solvd.laba.services.SellerServices.addProducts(SellerServices.java:25)] - New product object created
2023-05-19 11:51:43.204 INFO [main] [com.solvd.laba.entities.Customer.<init>(Customer.java:27)] - Customer object created
2023-05-19 11:51:43.219 INFO [main] [com.solvd.laba.entities.Customer.login(Customer.java:92)] - Customer 1 login attempt
2023-05-19 11:51:43.220 INFO [main] [com.solvd.laba.entities.Customer.login(Customer.java:100)] - Customer 1 - logged in successfully
2023-05-19 11:51:43.222 INFO [main] [com.solvd.laba.entities.Customer.<init>(Customer.java:27)] - Customer object created
2023-05-19 11:51:43.222 INFO [main] [com.solvd.laba.entities.Customer.login(Customer.java:92)] - Customer 2 login attempt
2023-05-19 11:51:43.223 INFO [main] [com.solvd.laba.entities.Customer.login(Customer.java:100)] - Customer 2 - logged in successfully
2023-05-19 11:51:43.229 INFO [main] [com.solvd.laba.entities.Cart.<init>(Cart.java:19)] - Cart object created
2023-05-19 11:51:43.230 INFO [main] [com.solvd.laba.entities.Cart.addProducts(Cart.java:29)] - Product added to cart
2023-05-19 11:51:43.235 INFO [main] [com.solvd.laba.entities.Cart.addProducts(Cart.java:29)] - Product added to cart
2023-05-19 11:51:43.237 INFO [main] [com.solvd.laba.entities.Cart.addProducts(Cart.java:29)] - Product added to cart
2023-05-19 11:51:43.252 INFO [main] [com.solvd.laba.entities.Cart.getTotalPrice(Cart.java:63)] - Get total price function
2023-05-19 11:51:43.255 INFO [main] [com.solvd.laba.entities.Cart.viewCart(Cart.java:95)] - Viewing Cart
2023-05-19 11:51:43.255 INFO [main] [com.solvd.laba.entities.Cart.setTotalPrice(Cart.java:105)] - Set Total price method
2023-05-19 11:51:43.255 INFO [main] [com.solvd.laba.entities.Cart.removeProducts(Cart.java:53)] - Product removed from cart
2023-05-19 11:51:43.256 INFO [main] [com.solvd.laba.entities.Cart.getTotalPrice(Cart.java:63)] - Get total price function
2023-05-19 11:51:43.257 INFO [main] [com.solvd.laba.entities.Cart.viewCart(Cart.java:95)] - Viewing Cart
2023-05-19 11:51:43.257 INFO [main] [com.solvd.laba.entities.Cart.setTotalPrice(Cart.java:105)] - Set Total price method
2023-05-19 11:51:43.270 INFO [main] [com.solvd.laba.entities.Cart.getTotalPrice(Cart.java:63)] - Get total price function
2023-05-19 11:51:43.279 INFO [main] [com.solvd.laba.services.CustomerService.displayOrderDetails(CustomerService.java:70)] - Display order details
2023-05-19 11:51:43.280 INFO [main] [com.solvd.laba.services.CustomerService.placeOrder(CustomerService.java:47)] - Order placed
2023-05-19 11:51:43.280 INFO [main] [com.solvd.laba.services.CustomerService.makePurchase(CustomerService.java:85)] - Card number format error
2023-05-19 11:51:43.369 INFO [main] [com.solvd.laba.entities.Payment.<init>(Payment.java:29)] - For input string: "1234124512561238"
2023-05-19 11:51:43.381 INFO [main] [com.solvd.laba.entities.Cart.<init>(Cart.java:19)] - Cart object created
2023-05-19 11:51:43.381 INFO [main] [com.solvd.laba.entities.Cart.addProducts(Cart.java:29)] - Product added to cart
2023-05-19 11:51:43.384 INFO [main] [com.solvd.laba.entities.Cart.addProducts(Cart.java:29)] - Product added to cart
2023-05-19 11:51:43.387 INFO [main] [com.solvd.laba.entities.Cart.getTotalPrice(Cart.java:63)] - Get total price function
2023-05-19 11:51:43.389 INFO [main] [com.solvd.laba.services.CustomerService.placeOrder(CustomerService.java:47)] - Order placed
2023-05-19 11:51:43.396 INFO [main] [com.solvd.laba.entities.Admin.setLoginCredentials(Admin.java:28)] - Set Login Credential
2023-05-19 11:51:43.397 INFO [main] [com.solvd.laba.entities.Admin.login(Admin.java:51)] - Admin 1 login attempt
2023-05-19 11:51:43.398 INFO [main] [com.solvd.laba.entities.Admin.login(Admin.java:58)] - Admin 1 - logged in successfully
2023-05-19 11:51:43.399 INFO [main] [com.solvd.laba.entities.Admin.displayWelcomeMsg(Admin.java:36)] - Display welcome msg
2023-05-19 11:51:43.400 INFO [main] [com.solvd.laba.entities.Admin.displayCustomers(Admin.java:83)] - Display customers function
2023-05-19 11:51:43.401 INFO [main] [com.solvd.laba.entities.Admin.displayProducts(Admin.java:76)] - Display Products function
2023-05-19 11:51:43.402 INFO [main] [com.solvd.laba.entities.Admin.displaySellers(Admin.java:69)] - Display seller function
